{"C:\\Users\\Fadli\\Desktop\\lms\\prisma\\seed.ts": {"path":"C:\\Users\\Fadli\\Desktop\\lms\\prisma\\seed.ts","statementMap":{"0":{"start":{"line":1,"column":0},"end":{"line":1,"column":null}},"1":{"start":{"line":9,"column":0},"end":{"line":9,"column":40}},"2":{"start":{"line":10,"column":0},"end":{"line":10,"column":49}},"3":{"start":{"line":12,"column":15},"end":{"line":12,"column":33}},"4":{"start":{"line":14,"column":24},"end":{"line":14,"column":41}},"5":{"start":{"line":15,"column":30},"end":{"line":15,"column":53}},"6":{"start":{"line":16,"column":26},"end":{"line":16,"column":45}},"7":{"start":{"line":17,"column":31},"end":{"line":17,"column":55}},"8":{"start":{"line":18,"column":20},"end":{"line":18,"column":33}},"9":{"start":{"line":19,"column":18},"end":{"line":19,"column":29}},"10":{"start":{"line":22,"column":2},"end":{"line":22,"column":37}},"11":{"start":{"line":23,"column":2},"end":{"line":23,"column":43}},"12":{"start":{"line":24,"column":2},"end":{"line":24,"column":44}},"13":{"start":{"line":25,"column":2},"end":{"line":25,"column":39}},"14":{"start":{"line":26,"column":2},"end":{"line":26,"column":44}},"15":{"start":{"line":27,"column":2},"end":{"line":27,"column":33}},"16":{"start":{"line":28,"column":2},"end":{"line":28,"column":31}},"17":{"start":{"line":32,"column":2},"end":{"line":32,"column":57}},"18":{"start":{"line":36,"column":2},"end":{"line":100,"column":null}},"19":{"start":{"line":37,"column":16},"end":{"line":37,"column":17}},"20":{"start":{"line":38,"column":32},"end":{"line":45,"column":6}},"21":{"start":{"line":47,"column":19},"end":{"line":47,"column":21}},"22":{"start":{"line":50,"column":4},"end":{"line":89,"column":null}},"23":{"start":{"line":51,"column":22},"end":{"line":63,"column":8}},"24":{"start":{"line":65,"column":6},"end":{"line":65,"column":26}},"25":{"start":{"line":66,"column":6},"end":{"line":66,"column":27}},"26":{"start":{"line":68,"column":62},"end":{"line":68,"column":64}},"27":{"start":{"line":70,"column":6},"end":{"line":82,"column":null}},"28":{"start":{"line":70,"column":23},"end":{"line":70,"column":24}},"29":{"start":{"line":71,"column":8},"end":{"line":81,"column":11}},"30":{"start":{"line":84,"column":21},"end":{"line":86,"column":8}},"31":{"start":{"line":88,"column":6},"end":{"line":88,"column":28}},"32":{"start":{"line":91,"column":4},"end":{"line":93,"column":6}},"33":{"start":{"line":95,"column":4},"end":{"line":97,"column":6}},"34":{"start":{"line":99,"column":4},"end":{"line":99,"column":16}},"35":{"start":{"line":104,"column":2},"end":{"line":162,"column":null}},"36":{"start":{"line":105,"column":16},"end":{"line":105,"column":17}},"37":{"start":{"line":106,"column":32},"end":{"line":113,"column":6}},"38":{"start":{"line":115,"column":19},"end":{"line":115,"column":21}},"39":{"start":{"line":118,"column":4},"end":{"line":151,"column":null}},"40":{"start":{"line":119,"column":22},"end":{"line":131,"column":8}},"41":{"start":{"line":133,"column":6},"end":{"line":133,"column":26}},"42":{"start":{"line":134,"column":6},"end":{"line":134,"column":27}},"43":{"start":{"line":136,"column":57},"end":{"line":136,"column":59}},"44":{"start":{"line":138,"column":6},"end":{"line":144,"column":null}},"45":{"start":{"line":138,"column":23},"end":{"line":138,"column":24}},"46":{"start":{"line":139,"column":8},"end":{"line":143,"column":11}},"47":{"start":{"line":146,"column":22},"end":{"line":148,"column":8}},"48":{"start":{"line":150,"column":6},"end":{"line":150,"column":29}},"49":{"start":{"line":153,"column":4},"end":{"line":155,"column":6}},"50":{"start":{"line":157,"column":4},"end":{"line":159,"column":6}},"51":{"start":{"line":161,"column":4},"end":{"line":161,"column":16}},"52":{"start":{"line":166,"column":2},"end":{"line":232,"column":null}},"53":{"start":{"line":167,"column":19},"end":{"line":167,"column":21}},"54":{"start":{"line":170,"column":26},"end":{"line":175,"column":6}},"55":{"start":{"line":177,"column":4},"end":{"line":223,"column":null}},"56":{"start":{"line":178,"column":22},"end":{"line":190,"column":8}},"57":{"start":{"line":192,"column":6},"end":{"line":192,"column":26}},"58":{"start":{"line":193,"column":6},"end":{"line":193,"column":27}},"59":{"start":{"line":195,"column":28},"end":{"line":200,"column":8}},"60":{"start":{"line":201,"column":31},"end":{"line":206,"column":8}},"61":{"start":{"line":207,"column":27},"end":{"line":211,"column":8}},"62":{"start":{"line":213,"column":6},"end":{"line":222,"column":9}},"63":{"start":{"line":225,"column":4},"end":{"line":225,"column":52}},"64":{"start":{"line":227,"column":4},"end":{"line":229,"column":6}},"65":{"start":{"line":231,"column":4},"end":{"line":231,"column":16}},"66":{"start":{"line":238,"column":2},"end":{"line":402,"column":null}},"67":{"start":{"line":239,"column":16},"end":{"line":239,"column":17}},"68":{"start":{"line":240,"column":19},"end":{"line":240,"column":21}},"69":{"start":{"line":243,"column":32},"end":{"line":248,"column":6}},"70":{"start":{"line":250,"column":4},"end":{"line":389,"column":null}},"71":{"start":{"line":251,"column":22},"end":{"line":263,"column":8}},"72":{"start":{"line":265,"column":6},"end":{"line":265,"column":26}},"73":{"start":{"line":266,"column":6},"end":{"line":266,"column":27}},"74":{"start":{"line":269,"column":8},"end":{"line":303,"column":10}},"75":{"start":{"line":305,"column":60},"end":{"line":336,"column":8}},"76":{"start":{"line":311,"column":60},"end":{"line":311,"column":73}},"77":{"start":{"line":326,"column":50},"end":{"line":326,"column":58}},"78":{"start":{"line":338,"column":6},"end":{"line":388,"column":9}},"79":{"start":{"line":341,"column":12},"end":{"line":345,"column":14}},"80":{"start":{"line":350,"column":12},"end":{"line":354,"column":14}},"81":{"start":{"line":359,"column":12},"end":{"line":363,"column":14}},"82":{"start":{"line":368,"column":12},"end":{"line":372,"column":14}},"83":{"start":{"line":377,"column":12},"end":{"line":381,"column":14}},"84":{"start":{"line":385,"column":8},"end":{"line":387,"column":11}},"85":{"start":{"line":386,"column":10},"end":{"line":386,"column":30}},"86":{"start":{"line":391,"column":4},"end":{"line":393,"column":6}},"87":{"start":{"line":395,"column":4},"end":{"line":395,"column":21}},"88":{"start":{"line":397,"column":4},"end":{"line":399,"column":6}},"89":{"start":{"line":401,"column":4},"end":{"line":401,"column":16}},"90":{"start":{"line":409,"column":2},"end":{"line":427,"column":null}},"91":{"start":{"line":410,"column":52},"end":{"line":410,"column":54}},"92":{"start":{"line":412,"column":4},"end":{"line":420,"column":null}},"93":{"start":{"line":412,"column":21},"end":{"line":412,"column":22}},"94":{"start":{"line":413,"column":57},"end":{"line":417,"column":8}},"95":{"start":{"line":419,"column":6},"end":{"line":419,"column":33}},"96":{"start":{"line":422,"column":4},"end":{"line":422,"column":19}},"97":{"start":{"line":424,"column":4},"end":{"line":424,"column":62}},"98":{"start":{"line":426,"column":4},"end":{"line":426,"column":16}},"99":{"start":{"line":433,"column":2},"end":{"line":532,"column":null}},"100":{"start":{"line":434,"column":16},"end":{"line":434,"column":17}},"101":{"start":{"line":437,"column":27},"end":{"line":437,"column":29}},"102":{"start":{"line":438,"column":22},"end":{"line":438,"column":24}},"103":{"start":{"line":440,"column":36},"end":{"line":448,"column":6}},"104":{"start":{"line":449,"column":31},"end":{"line":457,"column":6}},"105":{"start":{"line":459,"column":4},"end":{"line":488,"column":null}},"106":{"start":{"line":460,"column":26},"end":{"line":475,"column":8}},"107":{"start":{"line":477,"column":6},"end":{"line":477,"column":34}},"108":{"start":{"line":478,"column":6},"end":{"line":478,"column":39}},"109":{"start":{"line":480,"column":22},"end":{"line":485,"column":8}},"110":{"start":{"line":487,"column":6},"end":{"line":487,"column":29}},"111":{"start":{"line":490,"column":4},"end":{"line":519,"column":null}},"112":{"start":{"line":491,"column":21},"end":{"line":506,"column":8}},"113":{"start":{"line":508,"column":6},"end":{"line":508,"column":24}},"114":{"start":{"line":509,"column":6},"end":{"line":509,"column":29}},"115":{"start":{"line":511,"column":22},"end":{"line":516,"column":8}},"116":{"start":{"line":518,"column":6},"end":{"line":518,"column":29}},"117":{"start":{"line":521,"column":4},"end":{"line":521,"column":78}},"118":{"start":{"line":523,"column":4},"end":{"line":525,"column":6}},"119":{"start":{"line":527,"column":4},"end":{"line":529,"column":6}},"120":{"start":{"line":531,"column":4},"end":{"line":531,"column":16}},"121":{"start":{"line":539,"column":2},"end":{"line":559,"column":null}},"122":{"start":{"line":540,"column":44},"end":{"line":540,"column":46}},"123":{"start":{"line":542,"column":4},"end":{"line":552,"column":null}},"124":{"start":{"line":542,"column":21},"end":{"line":542,"column":22}},"125":{"start":{"line":543,"column":49},"end":{"line":549,"column":8}},"126":{"start":{"line":551,"column":6},"end":{"line":551,"column":29}},"127":{"start":{"line":554,"column":4},"end":{"line":554,"column":17}},"128":{"start":{"line":556,"column":4},"end":{"line":556,"column":60}},"129":{"start":{"line":558,"column":4},"end":{"line":558,"column":16}},"130":{"start":{"line":566,"column":2},"end":{"line":599,"column":null}},"131":{"start":{"line":567,"column":16},"end":{"line":567,"column":17}},"132":{"start":{"line":569,"column":4},"end":{"line":578,"column":null}},"133":{"start":{"line":570,"column":6},"end":{"line":577,"column":null}},"134":{"start":{"line":570,"column":19},"end":{"line":570,"column":20}},"135":{"start":{"line":571,"column":26},"end":{"line":574,"column":10}},"136":{"start":{"line":576,"column":8},"end":{"line":576,"column":33}},"137":{"start":{"line":580,"column":22},"end":{"line":586,"column":6}},"138":{"start":{"line":588,"column":4},"end":{"line":588,"column":29}},"139":{"start":{"line":590,"column":4},"end":{"line":590,"column":76}},"140":{"start":{"line":592,"column":4},"end":{"line":594,"column":6}},"141":{"start":{"line":596,"column":4},"end":{"line":596,"column":56}},"142":{"start":{"line":598,"column":4},"end":{"line":598,"column":16}},"143":{"start":{"line":603,"column":2},"end":{"line":679,"column":null}},"144":{"start":{"line":604,"column":16},"end":{"line":604,"column":17}},"145":{"start":{"line":605,"column":19},"end":{"line":605,"column":21}},"146":{"start":{"line":608,"column":26},"end":{"line":613,"column":6}},"147":{"start":{"line":615,"column":4},"end":{"line":670,"column":null}},"148":{"start":{"line":616,"column":25},"end":{"line":616,"column":26}},"149":{"start":{"line":617,"column":25},"end":{"line":617,"column":26}},"150":{"start":{"line":619,"column":20},"end":{"line":631,"column":8}},"151":{"start":{"line":633,"column":6},"end":{"line":633,"column":22}},"152":{"start":{"line":634,"column":6},"end":{"line":634,"column":25}},"153":{"start":{"line":636,"column":32},"end":{"line":643,"column":8}},"154":{"start":{"line":645,"column":6},"end":{"line":657,"column":null}},"155":{"start":{"line":645,"column":19},"end":{"line":645,"column":20}},"156":{"start":{"line":646,"column":23},"end":{"line":653,"column":10}},"157":{"start":{"line":655,"column":8},"end":{"line":655,"column":44}},"158":{"start":{"line":656,"column":8},"end":{"line":656,"column":23}},"159":{"start":{"line":659,"column":6},"end":{"line":667,"column":9}},"160":{"start":{"line":669,"column":6},"end":{"line":669,"column":14}},"161":{"start":{"line":672,"column":4},"end":{"line":672,"column":50}},"162":{"start":{"line":674,"column":4},"end":{"line":676,"column":6}},"163":{"start":{"line":678,"column":4},"end":{"line":678,"column":16}},"164":{"start":{"line":683,"column":2},"end":{"line":749,"column":null}},"165":{"start":{"line":684,"column":19},"end":{"line":684,"column":21}},"166":{"start":{"line":686,"column":16},"end":{"line":686,"column":17}},"167":{"start":{"line":688,"column":26},"end":{"line":693,"column":6}},"168":{"start":{"line":695,"column":4},"end":{"line":740,"column":null}},"169":{"start":{"line":696,"column":22},"end":{"line":709,"column":8}},"170":{"start":{"line":711,"column":6},"end":{"line":711,"column":26}},"171":{"start":{"line":712,"column":6},"end":{"line":712,"column":27}},"172":{"start":{"line":714,"column":6},"end":{"line":739,"column":null}},"173":{"start":{"line":715,"column":27},"end":{"line":722,"column":10}},"174":{"start":{"line":724,"column":8},"end":{"line":733,"column":null}},"175":{"start":{"line":725,"column":10},"end":{"line":732,"column":13}},"176":{"start":{"line":735,"column":8},"end":{"line":735,"column":16}},"177":{"start":{"line":737,"column":8},"end":{"line":737,"column":27}},"178":{"start":{"line":738,"column":8},"end":{"line":738,"column":20}},"179":{"start":{"line":742,"column":4},"end":{"line":742,"column":57}},"180":{"start":{"line":744,"column":4},"end":{"line":746,"column":6}},"181":{"start":{"line":748,"column":4},"end":{"line":748,"column":16}},"182":{"start":{"line":753,"column":2},"end":{"line":753,"column":22}},"183":{"start":{"line":755,"column":24},"end":{"line":755,"column":25}},"184":{"start":{"line":756,"column":28},"end":{"line":756,"column":29}},"185":{"start":{"line":757,"column":22},"end":{"line":757,"column":23}},"186":{"start":{"line":759,"column":2},"end":{"line":759,"column":49}},"187":{"start":{"line":760,"column":2},"end":{"line":760,"column":56}},"188":{"start":{"line":761,"column":2},"end":{"line":761,"column":45}},"189":{"start":{"line":762,"column":2},"end":{"line":762,"column":25}},"190":{"start":{"line":763,"column":2},"end":{"line":763,"column":35}},"191":{"start":{"line":764,"column":2},"end":{"line":764,"column":25}},"192":{"start":{"line":765,"column":2},"end":{"line":765,"column":24}},"193":{"start":{"line":766,"column":2},"end":{"line":766,"column":28}},"194":{"start":{"line":767,"column":2},"end":{"line":767,"column":26}},"195":{"start":{"line":768,"column":2},"end":{"line":768,"column":33}},"196":{"start":{"line":770,"column":2},"end":{"line":770,"column":29}},"197":{"start":{"line":786,"column":0},"end":{"line":786,"column":20}}},"fnMap":{"0":{"name":"cleanTables","decl":{"start":{"line":21,"column":15},"end":{"line":21,"column":26}},"loc":{"start":{"line":21,"column":26},"end":{"line":29,"column":null}}},"1":{"name":"generateSample","decl":{"start":{"line":31,"column":9},"end":{"line":31,"column":23}},"loc":{"start":{"line":31,"column":42},"end":{"line":33,"column":1}}},"2":{"name":"insertVideos","decl":{"start":{"line":35,"column":15},"end":{"line":35,"column":27}},"loc":{"start":{"line":35,"column":50},"end":{"line":101,"column":null}}},"3":{"name":"insertLessons","decl":{"start":{"line":103,"column":15},"end":{"line":103,"column":28}},"loc":{"start":{"line":103,"column":52},"end":{"line":163,"column":null}}},"4":{"name":"updateCourseCount","decl":{"start":{"line":165,"column":15},"end":{"line":165,"column":32}},"loc":{"start":{"line":165,"column":32},"end":{"line":233,"column":null}}},"5":{"name":"insertCourseEnrollments","decl":{"start":{"line":235,"column":15},"end":{"line":235,"column":38}},"loc":{"start":{"line":236,"column":27},"end":{"line":403,"column":null}}},"6":{"name":"(anonymous_19)","decl":{"start":{"line":311,"column":44},"end":{"line":311,"column":45}},"loc":{"start":{"line":311,"column":60},"end":{"line":311,"column":73}}},"7":{"name":"(anonymous_20)","decl":{"start":{"line":326,"column":39},"end":{"line":326,"column":40}},"loc":{"start":{"line":326,"column":50},"end":{"line":326,"column":58}}},"8":{"name":"(anonymous_21)","decl":{"start":{"line":340,"column":38},"end":{"line":340,"column":39}},"loc":{"start":{"line":340,"column":47},"end":{"line":346,"column":11}}},"9":{"name":"(anonymous_22)","decl":{"start":{"line":349,"column":41},"end":{"line":349,"column":42}},"loc":{"start":{"line":349,"column":50},"end":{"line":355,"column":11}}},"10":{"name":"(anonymous_23)","decl":{"start":{"line":358,"column":36},"end":{"line":358,"column":37}},"loc":{"start":{"line":358,"column":45},"end":{"line":364,"column":11}}},"11":{"name":"(anonymous_24)","decl":{"start":{"line":367,"column":44},"end":{"line":367,"column":45}},"loc":{"start":{"line":367,"column":53},"end":{"line":373,"column":11}}},"12":{"name":"(anonymous_25)","decl":{"start":{"line":376,"column":39},"end":{"line":376,"column":40}},"loc":{"start":{"line":376,"column":48},"end":{"line":382,"column":11}}},"13":{"name":"(anonymous_26)","decl":{"start":{"line":384,"column":14},"end":{"line":384,"column":15}},"loc":{"start":{"line":384,"column":24},"end":{"line":388,"column":7}}},"14":{"name":"(anonymous_27)","decl":{"start":{"line":385,"column":22},"end":{"line":385,"column":23}},"loc":{"start":{"line":385,"column":31},"end":{"line":387,"column":9}}},"15":{"name":"generateCourseCreateInputArray","decl":{"start":{"line":405,"column":9},"end":{"line":405,"column":39}},"loc":{"start":{"line":407,"column":18},"end":{"line":428,"column":1}}},"16":{"name":"insertCourses","decl":{"start":{"line":430,"column":15},"end":{"line":430,"column":28}},"loc":{"start":{"line":431,"column":36},"end":{"line":533,"column":null}}},"17":{"name":"generateUserCreateInputArray","decl":{"start":{"line":535,"column":9},"end":{"line":535,"column":37}},"loc":{"start":{"line":537,"column":12},"end":{"line":560,"column":1}}},"18":{"name":"insertUsers","decl":{"start":{"line":562,"column":15},"end":{"line":562,"column":26}},"loc":{"start":{"line":564,"column":12},"end":{"line":600,"column":null}}},"19":{"name":"updateUserCount","decl":{"start":{"line":602,"column":15},"end":{"line":602,"column":30}},"loc":{"start":{"line":602,"column":30},"end":{"line":680,"column":null}}},"20":{"name":"deleteAuthorEnrollment","decl":{"start":{"line":682,"column":15},"end":{"line":682,"column":37}},"loc":{"start":{"line":682,"column":37},"end":{"line":750,"column":null}}},"21":{"name":"seed","decl":{"start":{"line":752,"column":15},"end":{"line":752,"column":19}},"loc":{"start":{"line":752,"column":19},"end":{"line":771,"column":null}}},"22":{"name":"(anonymous_40)","decl":{"start":{"line":770,"column":13},"end":{"line":770,"column":16}},"loc":{"start":{"line":770,"column":18},"end":{"line":770,"column":21}}}},"branchMap":{"0":{"loc":{"start":{"line":53,"column":14},"end":{"line":53,"column":37}},"type":"cond-expr","locations":[{"start":{"line":53,"column":32},"end":{"line":53,"column":33}},{"start":{"line":53,"column":36},"end":{"line":53,"column":37}}]},"1":{"loc":{"start":{"line":55,"column":10},"end":{"line":59,"column":null}},"type":"cond-expr","locations":[{"start":{"line":56,"column":14},"end":{"line":56,"column":23}},{"start":{"line":57,"column":14},"end":{"line":59,"column":null}}]},"2":{"loc":{"start":{"line":96,"column":6},"end":{"line":96,"column":75}},"type":"binary-expr","locations":[{"start":{"line":96,"column":6},"end":{"line":96,"column":56}},{"start":{"line":96,"column":60},"end":{"line":96,"column":75}}]},"3":{"loc":{"start":{"line":121,"column":14},"end":{"line":121,"column":37}},"type":"cond-expr","locations":[{"start":{"line":121,"column":32},"end":{"line":121,"column":33}},{"start":{"line":121,"column":36},"end":{"line":121,"column":37}}]},"4":{"loc":{"start":{"line":123,"column":10},"end":{"line":127,"column":null}},"type":"cond-expr","locations":[{"start":{"line":124,"column":14},"end":{"line":124,"column":23}},{"start":{"line":125,"column":14},"end":{"line":127,"column":null}}]},"5":{"loc":{"start":{"line":158,"column":6},"end":{"line":158,"column":76}},"type":"binary-expr","locations":[{"start":{"line":158,"column":6},"end":{"line":158,"column":57}},{"start":{"line":158,"column":61},"end":{"line":158,"column":76}}]},"6":{"loc":{"start":{"line":179,"column":14},"end":{"line":179,"column":45}},"type":"cond-expr","locations":[{"start":{"line":179,"column":32},"end":{"line":179,"column":41}},{"start":{"line":179,"column":44},"end":{"line":179,"column":45}}]},"7":{"loc":{"start":{"line":182,"column":10},"end":{"line":186,"column":null}},"type":"cond-expr","locations":[{"start":{"line":183,"column":14},"end":{"line":183,"column":23}},{"start":{"line":184,"column":14},"end":{"line":186,"column":null}}]},"8":{"loc":{"start":{"line":228,"column":6},"end":{"line":228,"column":72}},"type":"binary-expr","locations":[{"start":{"line":228,"column":6},"end":{"line":228,"column":53}},{"start":{"line":228,"column":57},"end":{"line":228,"column":72}}]},"9":{"loc":{"start":{"line":252,"column":14},"end":{"line":252,"column":37}},"type":"cond-expr","locations":[{"start":{"line":252,"column":32},"end":{"line":252,"column":33}},{"start":{"line":252,"column":36},"end":{"line":252,"column":37}}]},"10":{"loc":{"start":{"line":254,"column":10},"end":{"line":258,"column":null}},"type":"cond-expr","locations":[{"start":{"line":255,"column":14},"end":{"line":255,"column":23}},{"start":{"line":256,"column":14},"end":{"line":258,"column":null}}]},"11":{"loc":{"start":{"line":398,"column":6},"end":{"line":398,"column":80}},"type":"binary-expr","locations":[{"start":{"line":398,"column":6},"end":{"line":398,"column":61}},{"start":{"line":398,"column":65},"end":{"line":398,"column":80}}]},"12":{"loc":{"start":{"line":461,"column":14},"end":{"line":461,"column":45}},"type":"cond-expr","locations":[{"start":{"line":461,"column":40},"end":{"line":461,"column":41}},{"start":{"line":461,"column":44},"end":{"line":461,"column":45}}]},"13":{"loc":{"start":{"line":464,"column":10},"end":{"line":468,"column":null}},"type":"cond-expr","locations":[{"start":{"line":465,"column":14},"end":{"line":465,"column":23}},{"start":{"line":466,"column":14},"end":{"line":468,"column":null}}]},"14":{"loc":{"start":{"line":492,"column":14},"end":{"line":492,"column":40}},"type":"cond-expr","locations":[{"start":{"line":492,"column":35},"end":{"line":492,"column":36}},{"start":{"line":492,"column":39},"end":{"line":492,"column":40}}]},"15":{"loc":{"start":{"line":495,"column":10},"end":{"line":499,"column":null}},"type":"cond-expr","locations":[{"start":{"line":496,"column":14},"end":{"line":496,"column":23}},{"start":{"line":497,"column":14},"end":{"line":499,"column":null}}]},"16":{"loc":{"start":{"line":528,"column":6},"end":{"line":528,"column":69}},"type":"binary-expr","locations":[{"start":{"line":528,"column":6},"end":{"line":528,"column":50}},{"start":{"line":528,"column":54},"end":{"line":528,"column":69}}]},"17":{"loc":{"start":{"line":569,"column":4},"end":{"line":578,"column":null}},"type":"if","locations":[{"start":{"line":569,"column":4},"end":{"line":578,"column":null}}]},"18":{"loc":{"start":{"line":582,"column":8},"end":{"line":582,"column":41}},"type":"cond-expr","locations":[{"start":{"line":582,"column":22},"end":{"line":582,"column":33}},{"start":{"line":582,"column":36},"end":{"line":582,"column":41}}]},"19":{"loc":{"start":{"line":620,"column":14},"end":{"line":620,"column":45}},"type":"cond-expr","locations":[{"start":{"line":620,"column":32},"end":{"line":620,"column":41}},{"start":{"line":620,"column":44},"end":{"line":620,"column":45}}]},"20":{"loc":{"start":{"line":623,"column":10},"end":{"line":627,"column":null}},"type":"cond-expr","locations":[{"start":{"line":624,"column":14},"end":{"line":624,"column":23}},{"start":{"line":625,"column":14},"end":{"line":627,"column":null}}]},"21":{"loc":{"start":{"line":675,"column":6},"end":{"line":675,"column":70}},"type":"binary-expr","locations":[{"start":{"line":675,"column":6},"end":{"line":675,"column":51}},{"start":{"line":675,"column":55},"end":{"line":675,"column":70}}]},"22":{"loc":{"start":{"line":697,"column":14},"end":{"line":697,"column":37}},"type":"cond-expr","locations":[{"start":{"line":697,"column":32},"end":{"line":697,"column":33}},{"start":{"line":697,"column":36},"end":{"line":697,"column":37}}]},"23":{"loc":{"start":{"line":700,"column":10},"end":{"line":704,"column":null}},"type":"cond-expr","locations":[{"start":{"line":701,"column":14},"end":{"line":701,"column":23}},{"start":{"line":702,"column":14},"end":{"line":704,"column":null}}]},"24":{"loc":{"start":{"line":724,"column":8},"end":{"line":733,"column":null}},"type":"if","locations":[{"start":{"line":724,"column":8},"end":{"line":733,"column":null}}]},"25":{"loc":{"start":{"line":745,"column":6},"end":{"line":745,"column":77}},"type":"binary-expr","locations":[{"start":{"line":745,"column":6},"end":{"line":745,"column":58}},{"start":{"line":745,"column":62},"end":{"line":745,"column":77}}]}},"s":{"0":1,"1":1,"2":1,"3":1,"4":1,"5":1,"6":1,"7":1,"8":1,"9":1,"10":1,"11":1,"12":1,"13":1,"14":1,"15":1,"16":1,"17":54,"18":1,"19":1,"20":1,"21":1,"22":1,"23":18,"24":18,"25":18,"26":18,"27":18,"28":18,"29":54,"30":18,"31":18,"32":1,"33":0,"34":0,"35":1,"36":1,"37":1,"38":1,"39":1,"40":6,"41":6,"42":6,"43":6,"44":6,"45":6,"46":18,"47":6,"48":6,"49":1,"50":0,"51":0,"52":1,"53":1,"54":1,"55":1,"56":6,"57":6,"58":6,"59":6,"60":6,"61":6,"62":6,"63":1,"64":0,"65":0,"66":1,"67":1,"68":1,"69":1,"70":1,"71":6,"72":6,"73":6,"74":6,"75":6,"76":6,"77":6,"78":6,"79":6,"80":6,"81":6,"82":6,"83":6,"84":6,"85":30,"86":1,"87":1,"88":0,"89":0,"90":6,"91":6,"92":6,"93":6,"94":6,"95":6,"96":6,"97":0,"98":0,"99":1,"100":1,"101":1,"102":1,"103":1,"104":1,"105":1,"106":3,"107":3,"108":3,"109":3,"110":3,"111":1,"112":3,"113":3,"114":3,"115":3,"116":3,"117":1,"118":1,"119":0,"120":0,"121":3,"122":3,"123":3,"124":3,"125":8,"126":8,"127":3,"128":0,"129":0,"130":3,"131":3,"132":3,"133":0,"134":0,"135":0,"136":0,"137":3,"138":3,"139":3,"140":3,"141":0,"142":0,"143":1,"144":1,"145":1,"146":1,"147":1,"148":8,"149":8,"150":8,"151":8,"152":8,"153":8,"154":8,"155":8,"156":30,"157":30,"158":30,"159":8,"160":8,"161":1,"162":0,"163":0,"164":1,"165":1,"166":1,"167":1,"168":1,"169":6,"170":6,"171":6,"172":6,"173":6,"174":6,"175":0,"176":6,"177":0,"178":0,"179":1,"180":0,"181":0,"182":1,"183":1,"184":1,"185":1,"186":1,"187":1,"188":1,"189":1,"190":1,"191":1,"192":1,"193":1,"194":1,"195":1,"196":1,"197":1},"f":{"0":1,"1":54,"2":1,"3":1,"4":1,"5":1,"6":6,"7":6,"8":6,"9":6,"10":6,"11":6,"12":6,"13":6,"14":30,"15":6,"16":1,"17":3,"18":3,"19":1,"20":1,"21":1,"22":0},"b":{"0":[1,17],"1":[1,17],"2":[0,0],"3":[1,5],"4":[1,5],"5":[0,0],"6":[1,5],"7":[1,5],"8":[0,0],"9":[1,5],"10":[1,5],"11":[0,0],"12":[1,2],"13":[1,2],"14":[1,2],"15":[1,2],"16":[0,0],"17":[0],"18":[0,3],"19":[1,7],"20":[1,7],"21":[0,0],"22":[1,5],"23":[1,5],"24":[0],"25":[0,0]}}
,"C:\\Users\\Fadli\\Desktop\\lms\\src\\app.ts": {"path":"C:\\Users\\Fadli\\Desktop\\lms\\src\\app.ts","statementMap":{"0":{"start":{"line":1,"column":0},"end":{"line":1,"column":26}},"1":{"start":{"line":2,"column":0},"end":{"line":2,"column":69}},"2":{"start":{"line":3,"column":0},"end":{"line":3,"column":24}},"3":{"start":{"line":4,"column":0},"end":{"line":4,"column":28}},"4":{"start":{"line":5,"column":0},"end":{"line":5,"column":28}},"5":{"start":{"line":6,"column":0},"end":{"line":6,"column":38}},"6":{"start":{"line":7,"column":0},"end":{"line":7,"column":41}},"7":{"start":{"line":8,"column":0},"end":{"line":8,"column":60}},"8":{"start":{"line":10,"column":0},"end":{"line":10,"column":41}},"9":{"start":{"line":11,"column":0},"end":{"line":11,"column":43}},"10":{"start":{"line":12,"column":0},"end":{"line":12,"column":73}},"11":{"start":{"line":15,"column":19},"end":{"line":15,"column":64}},"12":{"start":{"line":25,"column":4},"end":{"line":25,"column":29}},"13":{"start":{"line":26,"column":4},"end":{"line":26,"column":21}},"14":{"start":{"line":28,"column":4},"end":{"line":28,"column":40}},"15":{"start":{"line":29,"column":4},"end":{"line":29,"column":33}},"16":{"start":{"line":30,"column":4},"end":{"line":30,"column":29}},"17":{"start":{"line":31,"column":4},"end":{"line":31,"column":35}},"18":{"start":{"line":32,"column":4},"end":{"line":32,"column":56}},"19":{"start":{"line":32,"column":43},"end":{"line":32,"column":53}},"20":{"start":{"line":33,"column":4},"end":{"line":33,"column":18}},"21":{"start":{"line":40,"column":27},"end":{"line":50,"column":6}},"22":{"start":{"line":52,"column":24},"end":{"line":52,"column":52}},"23":{"start":{"line":53,"column":4},"end":{"line":57,"column":6}},"24":{"start":{"line":64,"column":4},"end":{"line":70,"column":6}},"25":{"start":{"line":72,"column":4},"end":{"line":74,"column":null}},"26":{"start":{"line":73,"column":6},"end":{"line":73,"column":39}},"27":{"start":{"line":76,"column":4},"end":{"line":76,"column":31}},"28":{"start":{"line":77,"column":4},"end":{"line":77,"column":36}},"29":{"start":{"line":78,"column":4},"end":{"line":78,"column":37}},"30":{"start":{"line":80,"column":4},"end":{"line":80,"column":37}},"31":{"start":{"line":81,"column":4},"end":{"line":81,"column":61}},"32":{"start":{"line":82,"column":4},"end":{"line":82,"column":36}},"33":{"start":{"line":90,"column":4},"end":{"line":92,"column":7}},"34":{"start":{"line":91,"column":6},"end":{"line":91,"column":45}},"35":{"start":{"line":99,"column":4},"end":{"line":99,"column":38}},"36":{"start":{"line":106,"column":4},"end":{"line":110,"column":null}},"37":{"start":{"line":107,"column":6},"end":{"line":107,"column":35}},"38":{"start":{"line":109,"column":6},"end":{"line":109,"column":65}},"39":{"start":{"line":118,"column":6},"end":{"line":120,"column":19}},"40":{"start":{"line":121,"column":4},"end":{"line":123,"column":7}},"41":{"start":{"line":122,"column":6},"end":{"line":122,"column":53}},"42":{"start":{"line":127,"column":0},"end":{"line":127,"column":19}}},"fnMap":{"0":{"name":"(anonymous_8)","decl":{"start":{"line":24,"column":2},"end":{"line":24,"column":14}},"loc":{"start":{"line":24,"column":39},"end":{"line":34,"column":3}}},"1":{"name":"(anonymous_9)","decl":{"start":{"line":32,"column":34},"end":{"line":32,"column":35}},"loc":{"start":{"line":32,"column":43},"end":{"line":32,"column":53}}},"2":{"name":"(anonymous_10)","decl":{"start":{"line":39,"column":9},"end":{"line":39,"column":21}},"loc":{"start":{"line":39,"column":39},"end":{"line":58,"column":3}}},"3":{"name":"(anonymous_11)","decl":{"start":{"line":63,"column":10},"end":{"line":63,"column":31}},"loc":{"start":{"line":63,"column":31},"end":{"line":83,"column":3}}},"4":{"name":"(anonymous_12)","decl":{"start":{"line":89,"column":10},"end":{"line":89,"column":23}},"loc":{"start":{"line":89,"column":35},"end":{"line":93,"column":3}}},"5":{"name":"(anonymous_13)","decl":{"start":{"line":90,"column":17},"end":{"line":90,"column":18}},"loc":{"start":{"line":90,"column":30},"end":{"line":92,"column":5}}},"6":{"name":"(anonymous_14)","decl":{"start":{"line":98,"column":10},"end":{"line":98,"column":33}},"loc":{"start":{"line":98,"column":33},"end":{"line":100,"column":3}}},"7":{"name":"(anonymous_15)","decl":{"start":{"line":105,"column":16},"end":{"line":105,"column":44}},"loc":{"start":{"line":105,"column":44},"end":{"line":111,"column":null}}},"8":{"name":"(anonymous_17)","decl":{"start":{"line":116,"column":9},"end":{"line":116,"column":15}},"loc":{"start":{"line":116,"column":15},"end":{"line":124,"column":3}}},"9":{"name":"(anonymous_18)","decl":{"start":{"line":121,"column":30},"end":{"line":121,"column":33}},"loc":{"start":{"line":121,"column":35},"end":{"line":123,"column":5}}}},"branchMap":{"0":{"loc":{"start":{"line":72,"column":4},"end":{"line":74,"column":null}},"type":"if","locations":[{"start":{"line":72,"column":4},"end":{"line":74,"column":null}}]},"1":{"loc":{"start":{"line":118,"column":6},"end":{"line":120,"column":19}},"type":"cond-expr","locations":[{"start":{"line":119,"column":10},"end":{"line":119,"column":50}},{"start":{"line":120,"column":10},"end":{"line":120,"column":19}}]}},"s":{"0":1,"1":1,"2":1,"3":1,"4":1,"5":1,"6":1,"7":1,"8":1,"9":1,"10":1,"11":1,"12":1,"13":1,"14":1,"15":1,"16":1,"17":1,"18":1,"19":5,"20":1,"21":1,"22":1,"23":1,"24":1,"25":1,"26":0,"27":1,"28":1,"29":1,"30":1,"31":1,"32":1,"33":1,"34":5,"35":1,"36":1,"37":1,"38":0,"39":1,"40":1,"41":1,"42":1},"f":{"0":1,"1":5,"2":1,"3":1,"4":1,"5":5,"6":1,"7":1,"8":1,"9":1},"b":{"0":[0],"1":[1,0]}}
,"C:\\Users\\Fadli\\Desktop\\lms\\src\\inversifyConfig.ts": {"path":"C:\\Users\\Fadli\\Desktop\\lms\\src\\inversifyConfig.ts","statementMap":{"0":{"start":{"line":1,"column":0},"end":{"line":1,"column":38}},"1":{"start":{"line":2,"column":0},"end":{"line":2,"column":75}},"2":{"start":{"line":3,"column":0},"end":{"line":3,"column":75}},"3":{"start":{"line":4,"column":0},"end":{"line":4,"column":66}},"4":{"start":{"line":8,"column":0},"end":{"line":8,"column":55}},"5":{"start":{"line":12,"column":0},"end":{"line":12,"column":61}},"6":{"start":{"line":13,"column":0},"end":{"line":13,"column":81}},"7":{"start":{"line":14,"column":0},"end":{"line":14,"column":72}},"8":{"start":{"line":15,"column":0},"end":{"line":15,"column":81}},"9":{"start":{"line":16,"column":0},"end":{"line":16,"column":null}},"10":{"start":{"line":20,"column":0},"end":{"line":20,"column":null}},"11":{"start":{"line":24,"column":0},"end":{"line":24,"column":79}},"12":{"start":{"line":25,"column":0},"end":{"line":25,"column":null}},"13":{"start":{"line":29,"column":0},"end":{"line":29,"column":null}},"14":{"start":{"line":33,"column":0},"end":{"line":33,"column":null}},"15":{"start":{"line":37,"column":0},"end":{"line":37,"column":null}},"16":{"start":{"line":41,"column":0},"end":{"line":41,"column":67}},"17":{"start":{"line":42,"column":0},"end":{"line":42,"column":null}},"18":{"start":{"line":46,"column":0},"end":{"line":46,"column":null}},"19":{"start":{"line":50,"column":0},"end":{"line":50,"column":null}},"20":{"start":{"line":54,"column":0},"end":{"line":54,"column":null}},"21":{"start":{"line":58,"column":0},"end":{"line":58,"column":70}},"22":{"start":{"line":59,"column":0},"end":{"line":59,"column":null}},"23":{"start":{"line":63,"column":0},"end":{"line":63,"column":null}},"24":{"start":{"line":67,"column":0},"end":{"line":67,"column":null}},"25":{"start":{"line":72,"column":20},"end":{"line":72,"column":35}},"26":{"start":{"line":77,"column":0},"end":{"line":79,"column":22}},"27":{"start":{"line":80,"column":0},"end":{"line":80,"column":73}},"28":{"start":{"line":81,"column":0},"end":{"line":83,"column":22}},"29":{"start":{"line":88,"column":0},"end":{"line":90,"column":24}},"30":{"start":{"line":91,"column":0},"end":{"line":91,"column":74}},"31":{"start":{"line":92,"column":0},"end":{"line":94,"column":24}},"32":{"start":{"line":95,"column":0},"end":{"line":97,"column":37}},"33":{"start":{"line":102,"column":0},"end":{"line":104,"column":34}},"34":{"start":{"line":105,"column":0},"end":{"line":107,"column":31}},"35":{"start":{"line":108,"column":0},"end":{"line":110,"column":34}},"36":{"start":{"line":111,"column":0},"end":{"line":115,"column":47}},"37":{"start":{"line":120,"column":0},"end":{"line":122,"column":30}},"38":{"start":{"line":123,"column":0},"end":{"line":125,"column":27}},"39":{"start":{"line":126,"column":0},"end":{"line":128,"column":30}},"40":{"start":{"line":129,"column":0},"end":{"line":133,"column":43}},"41":{"start":{"line":138,"column":0},"end":{"line":140,"column":35}},"42":{"start":{"line":141,"column":0},"end":{"line":143,"column":32}},"43":{"start":{"line":144,"column":0},"end":{"line":146,"column":35}},"44":{"start":{"line":147,"column":0},"end":{"line":151,"column":48}},"45":{"start":{"line":153,"column":0},"end":{"line":153,"column":27}}},"fnMap":{},"branchMap":{},"s":{"0":1,"1":1,"2":1,"3":1,"4":1,"5":1,"6":1,"7":1,"8":1,"9":1,"10":1,"11":1,"12":1,"13":1,"14":1,"15":1,"16":1,"17":1,"18":1,"19":1,"20":1,"21":1,"22":1,"23":1,"24":1,"25":1,"26":1,"27":1,"28":1,"29":1,"30":1,"31":1,"32":1,"33":1,"34":1,"35":1,"36":1,"37":1,"38":1,"39":1,"40":1,"41":1,"42":1,"43":1,"44":1,"45":1},"f":{},"b":{}}
,"C:\\Users\\Fadli\\Desktop\\lms\\src\\main.ts": {"path":"C:\\Users\\Fadli\\Desktop\\lms\\src\\main.ts","statementMap":{"0":{"start":{"line":1,"column":0},"end":{"line":1,"column":23}},"1":{"start":{"line":2,"column":0},"end":{"line":2,"column":24}},"2":{"start":{"line":3,"column":0},"end":{"line":3,"column":57}},"3":{"start":{"line":5,"column":0},"end":{"line":5,"column":59}},"4":{"start":{"line":6,"column":0},"end":{"line":6,"column":68}},"5":{"start":{"line":7,"column":0},"end":{"line":7,"column":52}},"6":{"start":{"line":8,"column":0},"end":{"line":8,"column":65}},"7":{"start":{"line":9,"column":0},"end":{"line":9,"column":58}},"8":{"start":{"line":10,"column":0},"end":{"line":10,"column":83}},"9":{"start":{"line":11,"column":0},"end":{"line":11,"column":76}},"10":{"start":{"line":12,"column":0},"end":{"line":12,"column":71}},"11":{"start":{"line":13,"column":0},"end":{"line":13,"column":64}},"12":{"start":{"line":14,"column":0},"end":{"line":14,"column":74}},"13":{"start":{"line":15,"column":0},"end":{"line":15,"column":67}},"14":{"start":{"line":20,"column":0},"end":{"line":20,"column":14}},"15":{"start":{"line":25,"column":16},"end":{"line":28,"column":2}},"16":{"start":{"line":29,"column":18},"end":{"line":32,"column":2}},"17":{"start":{"line":33,"column":28},"end":{"line":36,"column":2}},"18":{"start":{"line":37,"column":24},"end":{"line":40,"column":2}},"19":{"start":{"line":41,"column":29},"end":{"line":44,"column":null}},"20":{"start":{"line":46,"column":23},"end":{"line":52,"column":2}},"21":{"start":{"line":53,"column":13},"end":{"line":53,"column":45}},"22":{"start":{"line":58,"column":12},"end":{"line":58,"column":34}},"23":{"start":{"line":60,"column":0},"end":{"line":60,"column":19}}},"fnMap":{},"branchMap":{"0":{"loc":{"start":{"line":53,"column":13},"end":{"line":53,"column":45}},"type":"binary-expr","locations":[{"start":{"line":53,"column":13},"end":{"line":53,"column":37}},{"start":{"line":53,"column":41},"end":{"line":53,"column":45}}]}},"s":{"0":1,"1":1,"2":1,"3":1,"4":1,"5":1,"6":1,"7":1,"8":1,"9":1,"10":1,"11":1,"12":1,"13":1,"14":1,"15":1,"16":1,"17":1,"18":1,"19":1,"20":1,"21":1,"22":1,"23":1},"f":{},"b":{"0":[1,1]}}
,"C:\\Users\\Fadli\\Desktop\\lms\\src\\common\\class\\AuthorizationMiddleware.ts": {"path":"C:\\Users\\Fadli\\Desktop\\lms\\src\\common\\class\\AuthorizationMiddleware.ts","statementMap":{"0":{"start":{"line":1,"column":0},"end":{"line":1,"column":39}},"1":{"start":{"line":2,"column":0},"end":{"line":2,"column":60}},"2":{"start":{"line":4,"column":0},"end":{"line":4,"column":76}},"3":{"start":{"line":7,"column":15},"end":{"line":42,"column":null}},"4":{"start":{"line":8,"column":21},"end":{"line":8,"column":66}},"5":{"start":{"line":9,"column":21},"end":{"line":9,"column":50}},"6":{"start":{"line":10,"column":21},"end":{"line":10,"column":54}},"7":{"start":{"line":11,"column":21},"end":{"line":11,"column":66}},"8":{"start":{"line":12,"column":21},"end":{"line":12,"column":74}},"9":{"start":{"line":13,"column":21},"end":{"line":13,"column":76}},"10":{"start":{"line":18,"column":17},"end":{"line":25,"column":6}},"11":{"start":{"line":27,"column":4},"end":{"line":27,"column":16}},"12":{"start":{"line":34,"column":17},"end":{"line":34,"column":47}},"13":{"start":{"line":36,"column":4},"end":{"line":38,"column":null}},"14":{"start":{"line":37,"column":6},"end":{"line":37,"column":51}},"15":{"start":{"line":40,"column":4},"end":{"line":40,"column":21}},"16":{"start":{"line":7,"column":30},"end":{"line":42,"column":null}},"17":{"start":{"line":7,"column":30},"end":{"line":7,"column":null}}},"fnMap":{"0":{"name":"(anonymous_9)","decl":{"start":{"line":7,"column":15},"end":{"line":7,"column":30}},"loc":{"start":{"line":7,"column":15},"end":{"line":42,"column":1}}},"1":{"name":"(anonymous_10)","decl":{"start":{"line":15,"column":18},"end":{"line":15,"column":29}},"loc":{"start":{"line":16,"column":18},"end":{"line":28,"column":null}}},"2":{"name":"(anonymous_12)","decl":{"start":{"line":30,"column":18},"end":{"line":30,"column":36}},"loc":{"start":{"line":32,"column":17},"end":{"line":41,"column":null}}}},"branchMap":{"0":{"loc":{"start":{"line":36,"column":4},"end":{"line":38,"column":null}},"type":"if","locations":[{"start":{"line":36,"column":4},"end":{"line":38,"column":null}}]},"1":{"loc":{"start":{"line":37,"column":12},"end":{"line":37,"column":50}},"type":"binary-expr","locations":[{"start":{"line":37,"column":12},"end":{"line":37,"column":17}},{"start":{"line":37,"column":21},"end":{"line":37,"column":50}}]}},"s":{"0":1,"1":1,"2":1,"3":1,"4":4,"5":4,"6":4,"7":4,"8":4,"9":4,"10":0,"11":0,"12":0,"13":0,"14":0,"15":0,"16":1,"17":1},"f":{"0":4,"1":0,"2":0},"b":{"0":[0],"1":[0,0]}}
,"C:\\Users\\Fadli\\Desktop\\lms\\src\\common\\class\\BaseCourseAuthorization.ts": {"path":"C:\\Users\\Fadli\\Desktop\\lms\\src\\common\\class\\BaseCourseAuthorization.ts","statementMap":{"0":{"start":{"line":1,"column":0},"end":{"line":1,"column":64}},"1":{"start":{"line":2,"column":0},"end":{"line":2,"column":76}},"2":{"start":{"line":3,"column":0},"end":{"line":3,"column":56}},"3":{"start":{"line":4,"column":0},"end":{"line":4,"column":53}},"4":{"start":{"line":5,"column":0},"end":{"line":5,"column":39}},"5":{"start":{"line":9,"column":36},"end":{"line":84,"column":null}},"6":{"start":{"line":14,"column":19},"end":{"line":19,"column":6}},"7":{"start":{"line":21,"column":4},"end":{"line":23,"column":null}},"8":{"start":{"line":22,"column":6},"end":{"line":22,"column":76}},"9":{"start":{"line":25,"column":4},"end":{"line":25,"column":27}},"10":{"start":{"line":32,"column":23},"end":{"line":42,"column":6}},"11":{"start":{"line":44,"column":4},"end":{"line":44,"column":22}},"12":{"start":{"line":52,"column":23},"end":{"line":52,"column":69}},"13":{"start":{"line":54,"column":4},"end":{"line":56,"column":null}},"14":{"start":{"line":55,"column":6},"end":{"line":55,"column":51}},"15":{"start":{"line":58,"column":4},"end":{"line":58,"column":22}},"16":{"start":{"line":65,"column":27},"end":{"line":75,"column":6}},"17":{"start":{"line":77,"column":4},"end":{"line":82,"column":null}},"18":{"start":{"line":78,"column":6},"end":{"line":81,"column":8}},"19":{"start":{"line":9,"column":13},"end":{"line":84,"column":null}}},"fnMap":{"0":{"name":"(anonymous_9)","decl":{"start":{"line":10,"column":18},"end":{"line":10,"column":36}},"loc":{"start":{"line":12,"column":23},"end":{"line":26,"column":null}}},"1":{"name":"(anonymous_11)","decl":{"start":{"line":28,"column":18},"end":{"line":28,"column":35}},"loc":{"start":{"line":30,"column":20},"end":{"line":45,"column":null}}},"2":{"name":"(anonymous_13)","decl":{"start":{"line":47,"column":18},"end":{"line":47,"column":42}},"loc":{"start":{"line":50,"column":17},"end":{"line":59,"column":null}}},"3":{"name":"(anonymous_15)","decl":{"start":{"line":61,"column":18},"end":{"line":61,"column":38}},"loc":{"start":{"line":63,"column":20},"end":{"line":83,"column":null}}}},"branchMap":{"0":{"loc":{"start":{"line":21,"column":4},"end":{"line":23,"column":null}},"type":"if","locations":[{"start":{"line":21,"column":4},"end":{"line":23,"column":null}}]},"1":{"loc":{"start":{"line":22,"column":12},"end":{"line":22,"column":75}},"type":"binary-expr","locations":[{"start":{"line":22,"column":12},"end":{"line":22,"column":23}},{"start":{"line":22,"column":27},"end":{"line":22,"column":75}}]},"2":{"loc":{"start":{"line":54,"column":4},"end":{"line":56,"column":null}},"type":"if","locations":[{"start":{"line":54,"column":4},"end":{"line":56,"column":null}}]},"3":{"loc":{"start":{"line":55,"column":12},"end":{"line":55,"column":50}},"type":"binary-expr","locations":[{"start":{"line":55,"column":12},"end":{"line":55,"column":17}},{"start":{"line":55,"column":21},"end":{"line":55,"column":50}}]},"4":{"loc":{"start":{"line":77,"column":4},"end":{"line":82,"column":null}},"type":"if","locations":[{"start":{"line":77,"column":4},"end":{"line":82,"column":null}}]}},"s":{"0":1,"1":1,"2":1,"3":1,"4":1,"5":1,"6":6,"7":6,"8":0,"9":6,"10":0,"11":0,"12":0,"13":0,"14":0,"15":0,"16":0,"17":0,"18":0,"19":1},"f":{"0":6,"1":0,"2":0,"3":0},"b":{"0":[0],"1":[0,0],"2":[0],"3":[0,0],"4":[0]}}
,"C:\\Users\\Fadli\\Desktop\\lms\\src\\common\\class\\BaseCourseLessonAuthorization.ts": {"path":"C:\\Users\\Fadli\\Desktop\\lms\\src\\common\\class\\BaseCourseLessonAuthorization.ts","statementMap":{"0":{"start":{"line":1,"column":0},"end":{"line":1,"column":76}},"1":{"start":{"line":2,"column":0},"end":{"line":2,"column":68}},"2":{"start":{"line":10,"column":4},"end":{"line":27,"column":null}},"3":{"start":{"line":11,"column":21},"end":{"line":18,"column":8}},"4":{"start":{"line":20,"column":6},"end":{"line":22,"column":null}},"5":{"start":{"line":21,"column":8},"end":{"line":21,"column":78}},"6":{"start":{"line":24,"column":6},"end":{"line":24,"column":29}},"7":{"start":{"line":26,"column":6},"end":{"line":26,"column":18}},"8":{"start":{"line":4,"column":0},"end":{"line":4,"column":21}}},"fnMap":{"0":{"name":"(anonymous_8)","decl":{"start":{"line":6,"column":18},"end":{"line":6,"column":46}},"loc":{"start":{"line":8,"column":23},"end":{"line":28,"column":null}}}},"branchMap":{"0":{"loc":{"start":{"line":20,"column":6},"end":{"line":22,"column":null}},"type":"if","locations":[{"start":{"line":20,"column":6},"end":{"line":22,"column":null}}]},"1":{"loc":{"start":{"line":21,"column":14},"end":{"line":21,"column":77}},"type":"binary-expr","locations":[{"start":{"line":21,"column":14},"end":{"line":21,"column":25}},{"start":{"line":21,"column":29},"end":{"line":21,"column":77}}]}},"s":{"0":1,"1":1,"2":0,"3":0,"4":0,"5":0,"6":0,"7":0,"8":1},"f":{"0":0},"b":{"0":[0],"1":[0,0]}}
,"C:\\Users\\Fadli\\Desktop\\lms\\src\\common\\class\\BaseCourseLessonVideoAuthorization.ts": {"path":"C:\\Users\\Fadli\\Desktop\\lms\\src\\common\\class\\BaseCourseLessonVideoAuthorization.ts","statementMap":{"0":{"start":{"line":2,"column":0},"end":{"line":2,"column":76}},"1":{"start":{"line":3,"column":0},"end":{"line":3,"column":76}},"2":{"start":{"line":10,"column":4},"end":{"line":27,"column":null}},"3":{"start":{"line":11,"column":20},"end":{"line":18,"column":8}},"4":{"start":{"line":20,"column":6},"end":{"line":22,"column":null}},"5":{"start":{"line":21,"column":8},"end":{"line":21,"column":78}},"6":{"start":{"line":24,"column":6},"end":{"line":24,"column":28}},"7":{"start":{"line":26,"column":6},"end":{"line":26,"column":18}},"8":{"start":{"line":34,"column":4},"end":{"line":48,"column":null}},"9":{"start":{"line":35,"column":20},"end":{"line":39,"column":8}},"10":{"start":{"line":41,"column":6},"end":{"line":43,"column":null}},"11":{"start":{"line":42,"column":8},"end":{"line":42,"column":77}},"12":{"start":{"line":45,"column":6},"end":{"line":45,"column":19}},"13":{"start":{"line":47,"column":6},"end":{"line":47,"column":18}},"14":{"start":{"line":5,"column":0},"end":{"line":5,"column":21}}},"fnMap":{"0":{"name":"(anonymous_8)","decl":{"start":{"line":6,"column":18},"end":{"line":6,"column":45}},"loc":{"start":{"line":8,"column":23},"end":{"line":28,"column":null}}},"1":{"name":"(anonymous_10)","decl":{"start":{"line":30,"column":18},"end":{"line":30,"column":30}},"loc":{"start":{"line":32,"column":23},"end":{"line":49,"column":null}}}},"branchMap":{"0":{"loc":{"start":{"line":20,"column":6},"end":{"line":22,"column":null}},"type":"if","locations":[{"start":{"line":20,"column":6},"end":{"line":22,"column":null}}]},"1":{"loc":{"start":{"line":21,"column":14},"end":{"line":21,"column":77}},"type":"binary-expr","locations":[{"start":{"line":21,"column":14},"end":{"line":21,"column":25}},{"start":{"line":21,"column":29},"end":{"line":21,"column":77}}]},"2":{"loc":{"start":{"line":41,"column":6},"end":{"line":43,"column":null}},"type":"if","locations":[{"start":{"line":41,"column":6},"end":{"line":43,"column":null}}]},"3":{"loc":{"start":{"line":42,"column":14},"end":{"line":42,"column":76}},"type":"binary-expr","locations":[{"start":{"line":42,"column":14},"end":{"line":42,"column":25}},{"start":{"line":42,"column":29},"end":{"line":42,"column":76}}]}},"s":{"0":1,"1":1,"2":0,"3":0,"4":0,"5":0,"6":0,"7":0,"8":0,"9":0,"10":0,"11":0,"12":0,"13":0,"14":1},"f":{"0":0,"1":0},"b":{"0":[0],"1":[0,0],"2":[0],"3":[0,0]}}
,"C:\\Users\\Fadli\\Desktop\\lms\\src\\common\\class\\PrismaClientSingleton.ts": {"path":"C:\\Users\\Fadli\\Desktop\\lms\\src\\common\\class\\PrismaClientSingleton.ts","statementMap":{"0":{"start":{"line":1,"column":0},"end":{"line":1,"column":46}},"1":{"start":{"line":2,"column":0},"end":{"line":2,"column":39}},"2":{"start":{"line":5,"column":42},"end":{"line":17,"column":null}},"3":{"start":{"line":11,"column":4},"end":{"line":13,"column":null}},"4":{"start":{"line":12,"column":6},"end":{"line":12,"column":58}},"5":{"start":{"line":15,"column":4},"end":{"line":15,"column":42}},"6":{"start":{"line":5,"column":21},"end":{"line":17,"column":null}},"7":{"start":{"line":5,"column":21},"end":{"line":5,"column":null}}},"fnMap":{"0":{"name":"(anonymous_2)","decl":{"start":{"line":8,"column":2},"end":{"line":8,"column":24}},"loc":{"start":{"line":8,"column":2},"end":{"line":8,"column":25}}},"1":{"name":"(anonymous_3)","decl":{"start":{"line":10,"column":9},"end":{"line":10,"column":15}},"loc":{"start":{"line":10,"column":27},"end":{"line":16,"column":3}}}},"branchMap":{"0":{"loc":{"start":{"line":11,"column":4},"end":{"line":13,"column":null}},"type":"if","locations":[{"start":{"line":11,"column":4},"end":{"line":13,"column":null}}]}},"s":{"0":1,"1":1,"2":1,"3":10,"4":1,"5":10,"6":1,"7":1},"f":{"0":0,"1":10},"b":{"0":[1]}}
,"C:\\Users\\Fadli\\Desktop\\lms\\src\\common\\constants\\statusCode.ts": {"path":"C:\\Users\\Fadli\\Desktop\\lms\\src\\common\\constants\\statusCode.ts","statementMap":{"0":{"start":{"line":1,"column":0},"end":{"line":1,"column":null}},"1":{"start":{"line":2,"column":2},"end":{"line":2,"column":null}},"2":{"start":{"line":3,"column":2},"end":{"line":3,"column":null}},"3":{"start":{"line":4,"column":2},"end":{"line":4,"column":null}},"4":{"start":{"line":5,"column":2},"end":{"line":5,"column":null}},"5":{"start":{"line":6,"column":2},"end":{"line":6,"column":null}},"6":{"start":{"line":7,"column":2},"end":{"line":7,"column":null}},"7":{"start":{"line":8,"column":2},"end":{"line":8,"column":null}},"8":{"start":{"line":9,"column":2},"end":{"line":9,"column":null}}},"fnMap":{"0":{"name":"(anonymous_0)","decl":{"start":{"line":1,"column":0},"end":{"line":1,"column":12}},"loc":{"start":{"line":1,"column":22},"end":{"line":10,"column":1}}}},"branchMap":{"0":{"loc":{"start":{"line":1,"column":12},"end":{"line":1,"column":null}},"type":"binary-expr","locations":[{"start":{"line":1,"column":12},"end":{"line":1,"column":22}},{"start":{"line":1,"column":22},"end":{"line":1,"column":null}}]}},"s":{"0":1,"1":1,"2":1,"3":1,"4":1,"5":1,"6":1,"7":1,"8":1},"f":{"0":1},"b":{"0":[1,1]}}
,"C:\\Users\\Fadli\\Desktop\\lms\\src\\common\\exceptions\\AuthenticationException.ts": {"path":"C:\\Users\\Fadli\\Desktop\\lms\\src\\common\\exceptions\\AuthenticationException.ts","statementMap":{"0":{"start":{"line":1,"column":0},"end":{"line":1,"column":44}},"1":{"start":{"line":2,"column":0},"end":{"line":2,"column":63}},"2":{"start":{"line":6,"column":4},"end":{"line":6,"column":77}},"3":{"start":{"line":4,"column":0},"end":{"line":4,"column":21}}},"fnMap":{"0":{"name":"(anonymous_1)","decl":{"start":{"line":5,"column":2},"end":{"line":5,"column":14}},"loc":{"start":{"line":5,"column":30},"end":{"line":7,"column":3}}}},"branchMap":{"0":{"loc":{"start":{"line":6,"column":38},"end":{"line":6,"column":75}},"type":"cond-expr","locations":[{"start":{"line":6,"column":48},"end":{"line":6,"column":55}},{"start":{"line":6,"column":58},"end":{"line":6,"column":75}}]}},"s":{"0":1,"1":1,"2":0,"3":1},"f":{"0":0},"b":{"0":[0,0]}}
,"C:\\Users\\Fadli\\Desktop\\lms\\src\\common\\exceptions\\AuthorizationException.ts": {"path":"C:\\Users\\Fadli\\Desktop\\lms\\src\\common\\exceptions\\AuthorizationException.ts","statementMap":{"0":{"start":{"line":1,"column":0},"end":{"line":1,"column":44}},"1":{"start":{"line":2,"column":0},"end":{"line":2,"column":63}},"2":{"start":{"line":6,"column":4},"end":{"line":6,"column":72}},"3":{"start":{"line":4,"column":0},"end":{"line":4,"column":21}}},"fnMap":{"0":{"name":"(anonymous_1)","decl":{"start":{"line":5,"column":2},"end":{"line":5,"column":14}},"loc":{"start":{"line":5,"column":30},"end":{"line":7,"column":3}}}},"branchMap":{"0":{"loc":{"start":{"line":6,"column":35},"end":{"line":6,"column":70}},"type":"cond-expr","locations":[{"start":{"line":6,"column":45},"end":{"line":6,"column":52}},{"start":{"line":6,"column":55},"end":{"line":6,"column":70}}]}},"s":{"0":1,"1":1,"2":11,"3":1},"f":{"0":11},"b":{"0":[0,11]}}
,"C:\\Users\\Fadli\\Desktop\\lms\\src\\common\\exceptions\\ClientException.ts": {"path":"C:\\Users\\Fadli\\Desktop\\lms\\src\\common\\exceptions\\ClientException.ts","statementMap":{"0":{"start":{"line":1,"column":0},"end":{"line":1,"column":53}},"1":{"start":{"line":2,"column":0},"end":{"line":2,"column":44}},"2":{"start":{"line":6,"column":4},"end":{"line":6,"column":67}},"3":{"start":{"line":4,"column":0},"end":{"line":4,"column":21}}},"fnMap":{"0":{"name":"(anonymous_1)","decl":{"start":{"line":5,"column":2},"end":{"line":5,"column":14}},"loc":{"start":{"line":5,"column":30},"end":{"line":7,"column":3}}}},"branchMap":{"0":{"loc":{"start":{"line":6,"column":34},"end":{"line":6,"column":65}},"type":"binary-expr","locations":[{"start":{"line":6,"column":34},"end":{"line":6,"column":41}},{"start":{"line":6,"column":45},"end":{"line":6,"column":65}}]}},"s":{"0":1,"1":1,"2":0,"3":1},"f":{"0":0},"b":{"0":[0,0]}}
,"C:\\Users\\Fadli\\Desktop\\lms\\src\\common\\exceptions\\HttpException.ts": {"path":"C:\\Users\\Fadli\\Desktop\\lms\\src\\common\\exceptions\\HttpException.ts","statementMap":{"0":{"start":{"line":6,"column":4},"end":{"line":6,"column":36}},"1":{"start":{"line":7,"column":4},"end":{"line":7,"column":25}},"2":{"start":{"line":1,"column":0},"end":{"line":1,"column":21}}},"fnMap":{"0":{"name":"(anonymous_0)","decl":{"start":{"line":5,"column":2},"end":{"line":5,"column":14}},"loc":{"start":{"line":5,"column":62},"end":{"line":8,"column":3}}}},"branchMap":{},"s":{"0":11,"1":11,"2":1},"f":{"0":11},"b":{}}
,"C:\\Users\\Fadli\\Desktop\\lms\\src\\common\\exceptions\\InternalServerException.ts": {"path":"C:\\Users\\Fadli\\Desktop\\lms\\src\\common\\exceptions\\InternalServerException.ts","statementMap":{"0":{"start":{"line":1,"column":0},"end":{"line":1,"column":63}},"1":{"start":{"line":2,"column":0},"end":{"line":2,"column":44}},"2":{"start":{"line":6,"column":4},"end":{"line":6,"column":78}},"3":{"start":{"line":4,"column":0},"end":{"line":4,"column":21}}},"fnMap":{"0":{"name":"(anonymous_1)","decl":{"start":{"line":5,"column":2},"end":{"line":5,"column":null}},"loc":{"start":{"line":5,"column":2},"end":{"line":7,"column":3}}}},"branchMap":{},"s":{"0":1,"1":1,"2":0,"3":1},"f":{"0":0},"b":{}}
,"C:\\Users\\Fadli\\Desktop\\lms\\src\\common\\exceptions\\RecordNotFoundException.ts": {"path":"C:\\Users\\Fadli\\Desktop\\lms\\src\\common\\exceptions\\RecordNotFoundException.ts","statementMap":{"0":{"start":{"line":1,"column":0},"end":{"line":1,"column":44}},"1":{"start":{"line":2,"column":0},"end":{"line":2,"column":63}},"2":{"start":{"line":6,"column":4},"end":{"line":6,"column":64}},"3":{"start":{"line":4,"column":0},"end":{"line":4,"column":21}}},"fnMap":{"0":{"name":"(anonymous_1)","decl":{"start":{"line":5,"column":2},"end":{"line":5,"column":14}},"loc":{"start":{"line":5,"column":30},"end":{"line":7,"column":3}}}},"branchMap":{"0":{"loc":{"start":{"line":6,"column":32},"end":{"line":6,"column":62}},"type":"binary-expr","locations":[{"start":{"line":6,"column":32},"end":{"line":6,"column":39}},{"start":{"line":6,"column":43},"end":{"line":6,"column":62}}]}},"s":{"0":1,"1":1,"2":0,"3":1},"f":{"0":0},"b":{"0":[0,0]}}
,"C:\\Users\\Fadli\\Desktop\\lms\\src\\common\\functions\\getRequestUserOrThrowAuthenticationException.ts": {"path":"C:\\Users\\Fadli\\Desktop\\lms\\src\\common\\functions\\getRequestUserOrThrowAuthenticationException.ts","statementMap":{"0":{"start":{"line":4,"column":0},"end":{"line":4,"column":78}},"1":{"start":{"line":9,"column":31},"end":{"line":9,"column":58}},"2":{"start":{"line":11,"column":2},"end":{"line":13,"column":null}},"3":{"start":{"line":12,"column":4},"end":{"line":12,"column":40}},"4":{"start":{"line":15,"column":2},"end":{"line":15,"column":35}},"5":{"start":{"line":6,"column":0},"end":{"line":6,"column":24}}},"fnMap":{"0":{"name":"getRequestUserOrThrowAuthenticationException","decl":{"start":{"line":6,"column":24},"end":{"line":6,"column":68}},"loc":{"start":{"line":7,"column":14},"end":{"line":16,"column":1}}}},"branchMap":{"0":{"loc":{"start":{"line":11,"column":2},"end":{"line":13,"column":null}},"type":"if","locations":[{"start":{"line":11,"column":2},"end":{"line":13,"column":null}}]}},"s":{"0":1,"1":34,"2":34,"3":0,"4":34,"5":1},"f":{"0":34},"b":{"0":[0]}}
,"C:\\Users\\Fadli\\Desktop\\lms\\src\\common\\functions\\getResponseJson.ts": {"path":"C:\\Users\\Fadli\\Desktop\\lms\\src\\common\\functions\\getResponseJson.ts","statementMap":{"0":{"start":{"line":7,"column":23},"end":{"line":11,"column":4}},"1":{"start":{"line":13,"column":2},"end":{"line":18,"column":19}},"2":{"start":{"line":1,"column":0},"end":{"line":1,"column":16}}},"fnMap":{"0":{"name":"getResponseJson","decl":{"start":{"line":1,"column":16},"end":{"line":1,"column":31}},"loc":{"start":{"line":5,"column":29},"end":{"line":19,"column":1}}}},"branchMap":{"0":{"loc":{"start":{"line":10,"column":13},"end":{"line":10,"column":51}},"type":"cond-expr","locations":[{"start":{"line":10,"column":23},"end":{"line":10,"column":30}},{"start":{"line":10,"column":33},"end":{"line":10,"column":51}}]},"1":{"loc":{"start":{"line":13,"column":9},"end":{"line":18,"column":18}},"type":"cond-expr","locations":[{"start":{"line":14,"column":5},"end":{"line":16,"column":null}},{"start":{"line":18,"column":6},"end":{"line":18,"column":18}}]}},"s":{"0":54,"1":54,"2":1},"f":{"0":54},"b":{"0":[11,43],"1":[43,11]}}
,"C:\\Users\\Fadli\\Desktop\\lms\\src\\common\\functions\\getRoleStatus.ts": {"path":"C:\\Users\\Fadli\\Desktop\\lms\\src\\common\\functions\\getRoleStatus.ts","statementMap":{"0":{"start":{"line":1,"column":0},"end":{"line":1,"column":38}},"1":{"start":{"line":2,"column":0},"end":{"line":2,"column":58}},"2":{"start":{"line":5,"column":18},"end":{"line":5,"column":60}},"3":{"start":{"line":6,"column":23},"end":{"line":6,"column":70}},"4":{"start":{"line":7,"column":20},"end":{"line":7,"column":64}},"5":{"start":{"line":9,"column":2},"end":{"line":13,"column":4}},"6":{"start":{"line":4,"column":0},"end":{"line":4,"column":24}}},"fnMap":{"0":{"name":"getRoleStatus","decl":{"start":{"line":4,"column":24},"end":{"line":4,"column":37}},"loc":{"start":{"line":4,"column":52},"end":{"line":14,"column":1}}}},"branchMap":{},"s":{"0":1,"1":1,"2":27,"3":27,"4":27,"5":27,"6":1},"f":{"0":27},"b":{}}
,"C:\\Users\\Fadli\\Desktop\\lms\\src\\common\\functions\\getValuable.ts": {"path":"C:\\Users\\Fadli\\Desktop\\lms\\src\\common\\functions\\getValuable.ts","statementMap":{"0":{"start":{"line":10,"column":26},"end":{"line":14,"column":null}},"1":{"start":{"line":11,"column":4},"end":{"line":14,"column":null}},"2":{"start":{"line":17,"column":2},"end":{"line":23,"column":null}},"3":{"start":{"line":18,"column":4},"end":{"line":20,"column":13}},"4":{"start":{"line":19,"column":6},"end":{"line":19,"column":70}},"5":{"start":{"line":22,"column":4},"end":{"line":22,"column":80}},"6":{"start":{"line":7,"column":0},"end":{"line":7,"column":24}}},"fnMap":{"0":{"name":"getValuable","decl":{"start":{"line":7,"column":24},"end":{"line":7,"column":35}},"loc":{"start":{"line":8,"column":14},"end":{"line":24,"column":1}}},"1":{"name":"(anonymous_1)","decl":{"start":{"line":10,"column":26},"end":{"line":10,"column":27}},"loc":{"start":{"line":11,"column":4},"end":{"line":14,"column":null}}},"2":{"name":"(anonymous_2)","decl":{"start":{"line":18,"column":19},"end":{"line":18,"column":20}},"loc":{"start":{"line":19,"column":6},"end":{"line":19,"column":70}}}},"branchMap":{"0":{"loc":{"start":{"line":12,"column":6},"end":{"line":14,"column":30}},"type":"binary-expr","locations":[{"start":{"line":12,"column":7},"end":{"line":12,"column":28}},{"start":{"line":12,"column":32},"end":{"line":12,"column":41}},{"start":{"line":13,"column":6},"end":{"line":13,"column":16}},{"start":{"line":14,"column":6},"end":{"line":14,"column":30}}]},"1":{"loc":{"start":{"line":17,"column":2},"end":{"line":23,"column":null}},"type":"if","locations":[{"start":{"line":17,"column":2},"end":{"line":23,"column":null}},{"start":{"line":21,"column":9},"end":{"line":23,"column":null}}]}},"s":{"0":70,"1":1088,"2":70,"3":0,"4":0,"5":70,"6":1},"f":{"0":70,"1":1088,"2":0},"b":{"0":[1088,437,1088,921],"1":[0,70]}}
,"C:\\Users\\Fadli\\Desktop\\lms\\src\\common\\functions\\isEqualOrIncludeRole.ts": {"path":"C:\\Users\\Fadli\\Desktop\\lms\\src\\common\\functions\\isEqualOrIncludeRole.ts","statementMap":{"0":{"start":{"line":7,"column":2},"end":{"line":11,"column":null}},"1":{"start":{"line":8,"column":4},"end":{"line":10,"column":38}},"2":{"start":{"line":9,"column":21},"end":{"line":9,"column":36}},"3":{"start":{"line":13,"column":2},"end":{"line":13,"column":56}},"4":{"start":{"line":3,"column":0},"end":{"line":3,"column":24}}},"fnMap":{"0":{"name":"isEqualOrIncludeRole","decl":{"start":{"line":3,"column":24},"end":{"line":3,"column":44}},"loc":{"start":{"line":5,"column":27},"end":{"line":14,"column":1}}},"1":{"name":"(anonymous_1)","decl":{"start":{"line":9,"column":11},"end":{"line":9,"column":12}},"loc":{"start":{"line":9,"column":21},"end":{"line":9,"column":36}}}},"branchMap":{"0":{"loc":{"start":{"line":7,"column":2},"end":{"line":11,"column":null}},"type":"if","locations":[{"start":{"line":7,"column":2},"end":{"line":11,"column":null}}]}},"s":{"0":83,"1":0,"2":0,"3":83,"4":1},"f":{"0":83,"1":0},"b":{"0":[0]}}
,"C:\\Users\\Fadli\\Desktop\\lms\\src\\common\\functions\\validateEnv.ts": {"path":"C:\\Users\\Fadli\\Desktop\\lms\\src\\common\\functions\\validateEnv.ts","statementMap":{"0":{"start":{"line":15,"column":0},"end":{"line":15,"column":27}}},"fnMap":{"0":{"name":"validateEnv","decl":{"start":{"line":3,"column":9},"end":{"line":3,"column":20}},"loc":{"start":{"line":3,"column":20},"end":{"line":13,"column":1}}}},"branchMap":{},"s":{"0":1},"f":{"0":1},"b":{}}
,"C:\\Users\\Fadli\\Desktop\\lms\\src\\middlewares\\errorMiddleware.ts": {"path":"C:\\Users\\Fadli\\Desktop\\lms\\src\\middlewares\\errorMiddleware.ts","statementMap":{"0":{"start":{"line":2,"column":0},"end":{"line":2,"column":63}},"1":{"start":{"line":3,"column":0},"end":{"line":3,"column":70}},"2":{"start":{"line":4,"column":0},"end":{"line":4,"column":83}},"3":{"start":{"line":5,"column":0},"end":{"line":5,"column":40}},"4":{"start":{"line":13,"column":19},"end":{"line":13,"column":38}},"5":{"start":{"line":14,"column":16},"end":{"line":14,"column":57}},"6":{"start":{"line":16,"column":2},"end":{"line":16,"column":21}},"7":{"start":{"line":18,"column":2},"end":{"line":26,"column":null}},"8":{"start":{"line":19,"column":4},"end":{"line":23,"column":null}},"9":{"start":{"line":20,"column":6},"end":{"line":20,"column":44}},"10":{"start":{"line":22,"column":6},"end":{"line":22,"column":54}},"11":{"start":{"line":24,"column":9},"end":{"line":26,"column":null}},"12":{"start":{"line":25,"column":4},"end":{"line":25,"column":52}},"13":{"start":{"line":28,"column":2},"end":{"line":30,"column":62}},"14":{"start":{"line":33,"column":0},"end":{"line":33,"column":31}}},"fnMap":{"0":{"name":"errorMiddleware","decl":{"start":{"line":7,"column":9},"end":{"line":7,"column":24}},"loc":{"start":{"line":11,"column":20},"end":{"line":31,"column":1}}}},"branchMap":{"0":{"loc":{"start":{"line":13,"column":19},"end":{"line":13,"column":38}},"type":"binary-expr","locations":[{"start":{"line":13,"column":19},"end":{"line":13,"column":31}},{"start":{"line":13,"column":35},"end":{"line":13,"column":38}}]},"1":{"loc":{"start":{"line":14,"column":16},"end":{"line":14,"column":57}},"type":"binary-expr","locations":[{"start":{"line":14,"column":16},"end":{"line":14,"column":29}},{"start":{"line":14,"column":33},"end":{"line":14,"column":57}}]},"2":{"loc":{"start":{"line":18,"column":2},"end":{"line":26,"column":null}},"type":"if","locations":[{"start":{"line":18,"column":2},"end":{"line":26,"column":null}},{"start":{"line":24,"column":9},"end":{"line":26,"column":null}}]},"3":{"loc":{"start":{"line":19,"column":4},"end":{"line":23,"column":null}},"type":"if","locations":[{"start":{"line":19,"column":4},"end":{"line":23,"column":null}},{"start":{"line":21,"column":11},"end":{"line":23,"column":null}}]},"4":{"loc":{"start":{"line":24,"column":9},"end":{"line":26,"column":null}},"type":"if","locations":[{"start":{"line":24,"column":9},"end":{"line":26,"column":null}}]}},"s":{"0":1,"1":1,"2":1,"3":1,"4":11,"5":11,"6":11,"7":11,"8":0,"9":0,"10":0,"11":11,"12":0,"13":11,"14":1},"f":{"0":11},"b":{"0":[11,0],"1":[11,0],"2":[0,11],"3":[0,0],"4":[0]}}
,"C:\\Users\\Fadli\\Desktop\\lms\\src\\middlewares\\getAuthMiddleware.ts": {"path":"C:\\Users\\Fadli\\Desktop\\lms\\src\\middlewares\\getAuthMiddleware.ts","statementMap":{"0":{"start":{"line":2,"column":0},"end":{"line":2,"column":31}},"1":{"start":{"line":3,"column":0},"end":{"line":3,"column":46}},"2":{"start":{"line":4,"column":0},"end":{"line":4,"column":58}},"3":{"start":{"line":5,"column":0},"end":{"line":5,"column":83}},"4":{"start":{"line":6,"column":0},"end":{"line":6,"column":83}},"5":{"start":{"line":8,"column":33},"end":{"line":48,"column":1}},"6":{"start":{"line":9,"column":20},"end":{"line":9,"column":43}},"7":{"start":{"line":11,"column":2},"end":{"line":47,"column":4}},"8":{"start":{"line":11,"column":63},"end":{"line":47,"column":4}},"9":{"start":{"line":12,"column":4},"end":{"line":46,"column":null}},"10":{"start":{"line":13,"column":26},"end":{"line":13,"column":72}},"11":{"start":{"line":16,"column":6},"end":{"line":25,"column":null}},"12":{"start":{"line":17,"column":8},"end":{"line":22,"column":10}},"13":{"start":{"line":24,"column":8},"end":{"line":24,"column":44}},"14":{"start":{"line":27,"column":19},"end":{"line":32,"column":8}},"15":{"start":{"line":34,"column":6},"end":{"line":36,"column":null}},"16":{"start":{"line":35,"column":8},"end":{"line":35,"column":61}},"17":{"start":{"line":38,"column":6},"end":{"line":38,"column":31}},"18":{"start":{"line":40,"column":6},"end":{"line":40,"column":36}},"19":{"start":{"line":41,"column":6},"end":{"line":41,"column":35}},"20":{"start":{"line":43,"column":6},"end":{"line":43,"column":13}},"21":{"start":{"line":45,"column":6},"end":{"line":45,"column":18}},"22":{"start":{"line":8,"column":13},"end":{"line":8,"column":33}}},"fnMap":{"0":{"name":"(anonymous_8)","decl":{"start":{"line":8,"column":33},"end":{"line":8,"column":36}},"loc":{"start":{"line":8,"column":38},"end":{"line":48,"column":1}}},"1":{"name":"(anonymous_9)","decl":{"start":{"line":11,"column":9},"end":{"line":11,"column":16}},"loc":{"start":{"line":11,"column":63},"end":{"line":47,"column":4}}},"2":{"name":"(anonymous_10)","decl":{"start":{"line":11,"column":63},"end":{"line":11,"column":null}},"loc":{"start":{"line":11,"column":63},"end":{"line":47,"column":3}}}},"branchMap":{"0":{"loc":{"start":{"line":13,"column":26},"end":{"line":13,"column":72}},"type":"binary-expr","locations":[{"start":{"line":13,"column":26},"end":{"line":13,"column":50}},{"start":{"line":13,"column":54},"end":{"line":13,"column":72}}]},"1":{"loc":{"start":{"line":34,"column":6},"end":{"line":36,"column":null}},"type":"if","locations":[{"start":{"line":34,"column":6},"end":{"line":36,"column":null}}]}},"s":{"0":1,"1":1,"2":1,"3":1,"4":1,"5":1,"6":5,"7":5,"8":27,"9":27,"10":27,"11":27,"12":27,"13":0,"14":27,"15":27,"16":0,"17":27,"18":27,"19":27,"20":27,"21":0,"22":1},"f":{"0":5,"1":27,"2":27},"b":{"0":[27,0],"1":[0]}}
,"C:\\Users\\Fadli\\Desktop\\lms\\src\\middlewares\\validationMiddleware.ts": {"path":"C:\\Users\\Fadli\\Desktop\\lms\\src\\middlewares\\validationMiddleware.ts","statementMap":{"0":{"start":{"line":3,"column":0},"end":{"line":3,"column":63}},"1":{"start":{"line":4,"column":0},"end":{"line":4,"column":60}},"2":{"start":{"line":10,"column":2},"end":{"line":40,"column":4}},"3":{"start":{"line":14,"column":21},"end":{"line":40,"column":4}},"4":{"start":{"line":15,"column":30},"end":{"line":19,"column":6}},"5":{"start":{"line":21,"column":4},"end":{"line":39,"column":null}},"6":{"start":{"line":22,"column":6},"end":{"line":24,"column":null}},"7":{"start":{"line":23,"column":8},"end":{"line":23,"column":66}},"8":{"start":{"line":26,"column":6},"end":{"line":28,"column":null}},"9":{"start":{"line":27,"column":8},"end":{"line":27,"column":68}},"10":{"start":{"line":30,"column":6},"end":{"line":30,"column":13}},"11":{"start":{"line":32,"column":38},"end":{"line":32,"column":40}},"12":{"start":{"line":34,"column":6},"end":{"line":36,"column":9}},"13":{"start":{"line":35,"column":8},"end":{"line":35,"column":42}},"14":{"start":{"line":38,"column":6},"end":{"line":38,"column":69}},"15":{"start":{"line":6,"column":0},"end":{"line":6,"column":16}}},"fnMap":{"0":{"name":"validationMiddleware","decl":{"start":{"line":6,"column":16},"end":{"line":6,"column":36}},"loc":{"start":{"line":9,"column":1},"end":{"line":41,"column":1}}},"1":{"name":"(anonymous_9)","decl":{"start":{"line":10,"column":9},"end":{"line":10,"column":null}},"loc":{"start":{"line":14,"column":21},"end":{"line":40,"column":4}}},"2":{"name":"(anonymous_10)","decl":{"start":{"line":14,"column":21},"end":{"line":14,"column":null}},"loc":{"start":{"line":14,"column":21},"end":{"line":40,"column":3}}},"3":{"name":"(anonymous_11)","decl":{"start":{"line":34,"column":28},"end":{"line":34,"column":29}},"loc":{"start":{"line":34,"column":63},"end":{"line":36,"column":7}}}},"branchMap":{"0":{"loc":{"start":{"line":22,"column":6},"end":{"line":24,"column":null}},"type":"if","locations":[{"start":{"line":22,"column":6},"end":{"line":24,"column":null}}]},"1":{"loc":{"start":{"line":26,"column":6},"end":{"line":28,"column":null}},"type":"if","locations":[{"start":{"line":26,"column":6},"end":{"line":28,"column":null}}]}},"s":{"0":1,"1":1,"2":10,"3":39,"4":39,"5":39,"6":39,"7":39,"8":39,"9":0,"10":39,"11":0,"12":0,"13":0,"14":0,"15":1},"f":{"0":10,"1":39,"2":39,"3":0},"b":{"0":[39],"1":[0]}}
,"C:\\Users\\Fadli\\Desktop\\lms\\src\\modules\\course\\course.type.ts": {"path":"C:\\Users\\Fadli\\Desktop\\lms\\src\\modules\\course\\course.type.ts","statementMap":{"0":{"start":{"line":23,"column":13},"end":{"line":28,"column":2}},"1":{"start":{"line":30,"column":0},"end":{"line":30,"column":null}},"2":{"start":{"line":31,"column":2},"end":{"line":31,"column":null}},"3":{"start":{"line":32,"column":2},"end":{"line":32,"column":null}},"4":{"start":{"line":33,"column":2},"end":{"line":33,"column":null}},"5":{"start":{"line":34,"column":2},"end":{"line":34,"column":null}}},"fnMap":{"0":{"name":"(anonymous_0)","decl":{"start":{"line":30,"column":0},"end":{"line":30,"column":12}},"loc":{"start":{"line":30,"column":22},"end":{"line":35,"column":1}}}},"branchMap":{"0":{"loc":{"start":{"line":30,"column":12},"end":{"line":30,"column":null}},"type":"binary-expr","locations":[{"start":{"line":30,"column":12},"end":{"line":30,"column":22}},{"start":{"line":30,"column":22},"end":{"line":30,"column":null}}]}},"s":{"0":1,"1":1,"2":1,"3":1,"4":1,"5":1},"f":{"0":1},"b":{"0":[1,1]}}
,"C:\\Users\\Fadli\\Desktop\\lms\\src\\modules\\course\\authorization\\course.authorization.ts": {"path":"C:\\Users\\Fadli\\Desktop\\lms\\src\\modules\\course\\authorization\\course.authorization.ts","statementMap":{"0":{"start":{"line":2,"column":0},"end":{"line":2,"column":130}},"1":{"start":{"line":3,"column":0},"end":{"line":3,"column":38}},"2":{"start":{"line":4,"column":0},"end":{"line":4,"column":87}},"3":{"start":{"line":5,"column":0},"end":{"line":5,"column":39}},"4":{"start":{"line":6,"column":0},"end":{"line":6,"column":82}},"5":{"start":{"line":7,"column":0},"end":{"line":7,"column":88}},"6":{"start":{"line":10,"column":0},"end":{"line":10,"column":68}},"7":{"start":{"line":46,"column":42},"end":{"line":284,"column":null}},"8":{"start":{"line":98,"column":4},"end":{"line":134,"column":6}},"9":{"start":{"line":102,"column":23},"end":{"line":134,"column":6}},"10":{"start":{"line":103,"column":6},"end":{"line":133,"column":null}},"11":{"start":{"line":104,"column":21},"end":{"line":104,"column":70}},"12":{"start":{"line":105,"column":53},"end":{"line":105,"column":77}},"13":{"start":{"line":106,"column":27},"end":{"line":106,"column":32}},"14":{"start":{"line":108,"column":8},"end":{"line":109,"column":null}},"15":{"start":{"line":111,"column":8},"end":{"line":120,"column":null}},"16":{"start":{"line":112,"column":27},"end":{"line":113,"column":null}},"17":{"start":{"line":115,"column":27},"end":{"line":115,"column":47}},"18":{"start":{"line":117,"column":10},"end":{"line":119,"column":null}},"19":{"start":{"line":118,"column":12},"end":{"line":118,"column":32}},"20":{"start":{"line":122,"column":8},"end":{"line":124,"column":null}},"21":{"start":{"line":123,"column":10},"end":{"line":123,"column":30}},"22":{"start":{"line":126,"column":8},"end":{"line":128,"column":null}},"23":{"start":{"line":127,"column":10},"end":{"line":127,"column":45}},"24":{"start":{"line":130,"column":8},"end":{"line":130,"column":15}},"25":{"start":{"line":132,"column":8},"end":{"line":132,"column":20}},"26":{"start":{"line":138,"column":4},"end":{"line":195,"column":6}},"27":{"start":{"line":142,"column":23},"end":{"line":195,"column":6}},"28":{"start":{"line":143,"column":6},"end":{"line":194,"column":null}},"29":{"start":{"line":144,"column":21},"end":{"line":144,"column":70}},"30":{"start":{"line":145,"column":53},"end":{"line":145,"column":77}},"31":{"start":{"line":146,"column":27},"end":{"line":146,"column":32}},"32":{"start":{"line":148,"column":8},"end":{"line":149,"column":null}},"33":{"start":{"line":151,"column":8},"end":{"line":181,"column":null}},"34":{"start":{"line":152,"column":27},"end":{"line":153,"column":null}},"35":{"start":{"line":155,"column":27},"end":{"line":155,"column":47}},"36":{"start":{"line":157,"column":10},"end":{"line":159,"column":null}},"37":{"start":{"line":158,"column":12},"end":{"line":158,"column":32}},"38":{"start":{"line":161,"column":10},"end":{"line":180,"column":null}},"39":{"start":{"line":162,"column":31},"end":{"line":172,"column":14}},"40":{"start":{"line":174,"column":12},"end":{"line":179,"column":null}},"41":{"start":{"line":178,"column":14},"end":{"line":178,"column":34}},"42":{"start":{"line":183,"column":8},"end":{"line":185,"column":null}},"43":{"start":{"line":184,"column":10},"end":{"line":184,"column":30}},"44":{"start":{"line":187,"column":8},"end":{"line":189,"column":null}},"45":{"start":{"line":188,"column":10},"end":{"line":188,"column":45}},"46":{"start":{"line":191,"column":8},"end":{"line":191,"column":15}},"47":{"start":{"line":193,"column":8},"end":{"line":193,"column":20}},"48":{"start":{"line":257,"column":4},"end":{"line":282,"column":6}},"49":{"start":{"line":261,"column":23},"end":{"line":282,"column":6}},"50":{"start":{"line":262,"column":6},"end":{"line":281,"column":null}},"51":{"start":{"line":263,"column":21},"end":{"line":263,"column":70}},"52":{"start":{"line":264,"column":53},"end":{"line":264,"column":77}},"53":{"start":{"line":265,"column":27},"end":{"line":265,"column":32}},"54":{"start":{"line":267,"column":8},"end":{"line":268,"column":null}},"55":{"start":{"line":270,"column":8},"end":{"line":272,"column":null}},"56":{"start":{"line":271,"column":10},"end":{"line":271,"column":30}},"57":{"start":{"line":274,"column":8},"end":{"line":276,"column":null}},"58":{"start":{"line":275,"column":10},"end":{"line":275,"column":45}},"59":{"start":{"line":278,"column":8},"end":{"line":278,"column":15}},"60":{"start":{"line":280,"column":8},"end":{"line":280,"column":20}},"61":{"start":{"line":46,"column":13},"end":{"line":284,"column":null}}},"fnMap":{"0":{"name":"(anonymous_9)","decl":{"start":{"line":97,"column":9},"end":{"line":97,"column":37}},"loc":{"start":{"line":97,"column":37},"end":{"line":135,"column":3}}},"1":{"name":"(anonymous_10)","decl":{"start":{"line":98,"column":11},"end":{"line":98,"column":null}},"loc":{"start":{"line":102,"column":23},"end":{"line":134,"column":6}}},"2":{"name":"(anonymous_11)","decl":{"start":{"line":102,"column":23},"end":{"line":102,"column":null}},"loc":{"start":{"line":102,"column":23},"end":{"line":134,"column":5}}},"3":{"name":"(anonymous_12)","decl":{"start":{"line":137,"column":9},"end":{"line":137,"column":37}},"loc":{"start":{"line":137,"column":37},"end":{"line":196,"column":3}}},"4":{"name":"(anonymous_13)","decl":{"start":{"line":138,"column":11},"end":{"line":138,"column":null}},"loc":{"start":{"line":142,"column":23},"end":{"line":195,"column":6}}},"5":{"name":"(anonymous_14)","decl":{"start":{"line":142,"column":23},"end":{"line":142,"column":null}},"loc":{"start":{"line":142,"column":23},"end":{"line":195,"column":5}}},"6":{"name":"(anonymous_15)","decl":{"start":{"line":256,"column":9},"end":{"line":256,"column":37}},"loc":{"start":{"line":256,"column":37},"end":{"line":283,"column":3}}},"7":{"name":"(anonymous_16)","decl":{"start":{"line":257,"column":11},"end":{"line":257,"column":null}},"loc":{"start":{"line":261,"column":23},"end":{"line":282,"column":6}}},"8":{"name":"(anonymous_17)","decl":{"start":{"line":261,"column":23},"end":{"line":261,"column":null}},"loc":{"start":{"line":261,"column":23},"end":{"line":282,"column":5}}}},"branchMap":{"0":{"loc":{"start":{"line":108,"column":8},"end":{"line":109,"column":null}},"type":"if","locations":[{"start":{"line":108,"column":8},"end":{"line":109,"column":null}}]},"1":{"loc":{"start":{"line":111,"column":8},"end":{"line":120,"column":null}},"type":"if","locations":[{"start":{"line":111,"column":8},"end":{"line":120,"column":null}}]},"2":{"loc":{"start":{"line":117,"column":10},"end":{"line":119,"column":null}},"type":"if","locations":[{"start":{"line":117,"column":10},"end":{"line":119,"column":null}}]},"3":{"loc":{"start":{"line":122,"column":8},"end":{"line":124,"column":null}},"type":"if","locations":[{"start":{"line":122,"column":8},"end":{"line":124,"column":null}}]},"4":{"loc":{"start":{"line":126,"column":8},"end":{"line":128,"column":null}},"type":"if","locations":[{"start":{"line":126,"column":8},"end":{"line":128,"column":null}}]},"5":{"loc":{"start":{"line":148,"column":8},"end":{"line":149,"column":null}},"type":"if","locations":[{"start":{"line":148,"column":8},"end":{"line":149,"column":null}}]},"6":{"loc":{"start":{"line":151,"column":8},"end":{"line":181,"column":null}},"type":"if","locations":[{"start":{"line":151,"column":8},"end":{"line":181,"column":null}}]},"7":{"loc":{"start":{"line":157,"column":10},"end":{"line":159,"column":null}},"type":"if","locations":[{"start":{"line":157,"column":10},"end":{"line":159,"column":null}}]},"8":{"loc":{"start":{"line":161,"column":10},"end":{"line":180,"column":null}},"type":"if","locations":[{"start":{"line":161,"column":10},"end":{"line":180,"column":null}}]},"9":{"loc":{"start":{"line":174,"column":12},"end":{"line":179,"column":null}},"type":"if","locations":[{"start":{"line":174,"column":12},"end":{"line":179,"column":null}}]},"10":{"loc":{"start":{"line":175,"column":14},"end":{"line":176,"column":68}},"type":"binary-expr","locations":[{"start":{"line":175,"column":14},"end":{"line":175,"column":24}},{"start":{"line":176,"column":14},"end":{"line":176,"column":68}}]},"11":{"loc":{"start":{"line":183,"column":8},"end":{"line":185,"column":null}},"type":"if","locations":[{"start":{"line":183,"column":8},"end":{"line":185,"column":null}}]},"12":{"loc":{"start":{"line":187,"column":8},"end":{"line":189,"column":null}},"type":"if","locations":[{"start":{"line":187,"column":8},"end":{"line":189,"column":null}}]},"13":{"loc":{"start":{"line":267,"column":8},"end":{"line":268,"column":null}},"type":"if","locations":[{"start":{"line":267,"column":8},"end":{"line":268,"column":null}}]},"14":{"loc":{"start":{"line":270,"column":8},"end":{"line":272,"column":null}},"type":"if","locations":[{"start":{"line":270,"column":8},"end":{"line":272,"column":null}}]},"15":{"loc
[...]
3}},"type":"binary-expr","locations":[{"start":{"line":136,"column":14},"end":{"line":136,"column":22}},{"start":{"line":136,"column":26},"end":{"line":136,"column":33}}]},"14":{"loc":{"start":{"line":140,"column":10},"end":{"line":159,"column":null}},"type":"if","locations":[{"start":{"line":140,"column":10},"end":{"line":159,"column":null}}]},"15":{"loc":{"start":{"line":153,"column":12},"end":{"line":158,"column":null}},"type":"if","locations":[{"start":{"line":153,"column":12},"end":{"line":158,"column":null}}]},"16":{"loc":{"start":{"line":154,"column":14},"end":{"line":155,"column":68}},"type":"binary-expr","locations":[{"start":{"line":154,"column":14},"end":{"line":154,"column":24}},{"start":{"line":155,"column":14},"end":{"line":155,"column":68}}]},"17":{"loc":{"start":{"line":172,"column":8},"end":{"line":174,"column":null}},"type":"if","locations":[{"start":{"line":172,"column":8},"end":{"line":174,"column":null}}]},"18":{"loc":{"start":{"line":195,"column":8},"end":{"line":197,"column":null}},"type":"if","locations":[{"start":{"line":195,"column":8},"end":{"line":197,"column":null}}]},"19":{"loc":{"start":{"line":199,"column":8},"end":{"line":235,"column":null}},"type":"if","locations":[{"start":{"line":199,"column":8},"end":{"line":235,"column":null}}]},"20":{"loc":{"start":{"line":199,"column":12},"end":{"line":199,"column":35}},"type":"binary-expr","locations":[{"start":{"line":199,"column":12},"end":{"line":199,"column":24}},{"start":{"line":199,"column":28},"end":{"line":199,"column":35}}]},"21":{"loc":{"start":{"line":206,"column":10},"end":{"line":208,"column":null}},"type":"if","locations":[{"start":{"line":206,"column":10},"end":{"line":208,"column":null}}]},"22":{"loc":{"start":{"line":206,"column":14},"end":{"line":206,"column":33}},"type":"binary-expr","locations":[{"start":{"line":206,"column":14},"end":{"line":206,"column":22}},{"start":{"line":206,"column":26},"end":{"line":206,"column":33}}]},"23":{"loc":{"start":{"line":210,"column":10},"end":{"line":229,"column":null}},"type":"if","locations":[{"start":{"line":210,"column":10},"end":{"line":229,"column":null}}]},"24":{"loc":{"start":{"line":223,"column":12},"end":{"line":228,"column":null}},"type":"if","locations":[{"start":{"line":223,"column":12},"end":{"line":228,"column":null}}]},"25":{"loc":{"start":{"line":224,"column":14},"end":{"line":225,"column":68}},"type":"binary-expr","locations":[{"start":{"line":224,"column":14},"end":{"line":224,"column":24}},{"start":{"line":225,"column":14},"end":{"line":225,"column":68}}]},"26":{"loc":{"start":{"line":237,"column":8},"end":{"line":239,"column":null}},"type":"if","locations":[{"start":{"line":237,"column":8},"end":{"line":239,"column":null}}]}},"s":{"0":1,"1":1,"2":1,"3":1,"4":1,"5":1,"6":1,"7":1,"8":1,"9":0,"10":0,"11":0,"12":0,"13":0,"14":0,"15":0,"16":0,"17":0,"18":0,"19":0,"20":0,"21":0,"22":0,"23":0,"24":0,"25":0,"26":0,"27":0,"28":0,"29":0,"30":0,"31":0,"32":0,"33":0,"34":1,"35":0,"36":0,"37":0,"38":0,"39":0,"40":0,"41":0,"42":0,"43":0,"44":0,"45":0,"46":0,"47":0,"48":0,"49":0,"50":0,"51":0,"52":0,"53":0,"54":0,"55":0,"56":0,"57":0,"58":0,"59":0,"60":0,"61":1,"62":0,"63":0,"64":0,"65":0,"66":0,"67":0,"68":0,"69":0,"70":0,"71":0,"72":0,"73":0,"74":0,"75":0,"76":0,"77":0,"78":0,"79":0,"80":0,"81":0,"82":0,"83":0,"84":0,"85":1},"f":{"0":1,"1":0,"2":0,"3":1,"4":0,"5":0,"6":1,"7":0,"8":0},"b":{"0":[0],"1":[0],"2":[0,0],"3":[0],"4":[0,0],"5":[0],"6":[0],"7":[0,0],"8":[0],"9":[0],"10":[0],"11":[0,0],"12":[0],"13":[0,0],"14":[0],"15":[0],"16":[0,0],"17":[0],"18":[0],"19":[0],"20":[0,0],"21":[0],"22":[0,0],"23":[0],"24":[0],"25":[0,0],"26":[0]}}
,"C:\\Users\\Fadli\\Desktop\\lms\\src\\modules\\video\\controller\\video.controller.ts": {"path":"C:\\Users\\Fadli\\Desktop\\lms\\src\\modules\\video\\controller\\video.controller.ts","statementMap":{"0":{"start":{"line":1,"column":0},"end":{"line":1,"column":47}},"1":{"start":{"line":2,"column":0},"end":{"line":2,"column":57}},"2":{"start":{"line":4,"column":0},"end":{"line":4,"column":66}},"3":{"start":{"line":5,"column":0},"end":{"line":5,"column":76}},"4":{"start":{"line":27,"column":40},"end":{"line":87,"column":null}},"5":{"start":{"line":38,"column":4},"end":{"line":49,"column":null}},"6":{"start":{"line":39,"column":27},"end":{"line":41,"column":null}},"7":{"start":{"line":44,"column":6},"end":{"line":46,"column":71}},"8":{"start":{"line":48,"column":6},"end":{"line":48,"column":18}},"9":{"start":{"line":57,"column":4},"end":{"line":69,"column":null}},"10":{"start":{"line":58,"column":27},"end":{"line":61,"column":null}},"11":{"start":{"line":64,"column":6},"end":{"line":66,"column":71}},"12":{"start":{"line":68,"column":6},"end":{"line":68,"column":18}},"13":{"start":{"line":77,"column":4},"end":{"line":85,"column":null}},"14":{"start":{"line":78,"column":20},"end":{"line":78,"column":73}},"15":{"start":{"line":80,"column":6},"end":{"line":82,"column":73}},"16":{"start":{"line":84,"column":6},"end":{"line":84,"column":18}},"17":{"start":{"line":31,"column":2},"end":{"line":31,"column":null}},"18":{"start":{"line":27,"column":13},"end":{"line":87,"column":null}}},"fnMap":{"0":{"name":"(anonymous_9)","decl":{"start":{"line":33,"column":15},"end":{"line":33,"column":21}},"loc":{"start":{"line":36,"column":22},"end":{"line":50,"column":null}}},"1":{"name":"(anonymous_11)","decl":{"start":{"line":52,"column":15},"end":{"line":52,"column":21}},"loc":{"start":{"line":55,"column":22},"end":{"line":70,"column":null}}},"2":{"name":"(anonymous_13)","decl":{"start":{"line":72,"column":15},"end":{"line":72,"column":21}},"loc":{"start":{"line":75,"column":22},"end":{"line":86,"column":null}}}},"branchMap":{},"s":{"0":1,"1":1,"2":1,"3":1,"4":1,"5":0,"6":0,"7":0,"8":0,"9":0,"10":0,"11":0,"12":0,"13":0,"14":0,"15":0,"16":0,"17":1,"18":1},"f":{"0":0,"1":0,"2":0},"b":{}}
,"C:\\Users\\Fadli\\Desktop\\lms\\src\\modules\\video\\controller\\video.joi.ts": {"path":"C:\\Users\\Fadli\\Desktop\\lms\\src\\modules\\video\\controller\\video.joi.ts","statementMap":{"0":{"start":{"line":1,"column":0},"end":{"line":1,"column":22}},"1":{"start":{"line":7,"column":13},"end":{"line":14,"column":5}},"2":{"start":{"line":16,"column":13},"end":{"line":22,"column":5}}},"fnMap":{},"branchMap":{},"s":{"0":1,"1":1,"2":1},"f":{},"b":{}}
,"C:\\Users\\Fadli\\Desktop\\lms\\src\\modules\\video\\repository\\video.repository.ts": {"path":"C:\\Users\\Fadli\\Desktop\\lms\\src\\modules\\video\\repository\\video.repository.ts","statementMap":{"0":{"start":{"line":2,"column":0},"end":{"line":2,"column":39}},"1":{"start":{"line":10,"column":0},"end":{"line":10,"column":80}},"2":{"start":{"line":29,"column":40},"end":{"line":167,"column":null}},"3":{"start":{"line":32,"column":19},"end":{"line":32,"column":64}},"4":{"start":{"line":33,"column":19},"end":{"line":33,"column":74}},"5":{"start":{"line":39,"column":4},"end":{"line":73,"column":null}},"6":{"start":{"line":40,"column":27},"end":{"line":68,"column":8}},"7":{"start":{"line":40,"column":71},"end":{"line":68,"column":8}},"8":{"start":{"line":41,"column":31},"end":{"line":65,"column":10}},"9":{"start":{"line":67,"column":8},"end":{"line":67,"column":28}},"10":{"start":{"line":70,"column":6},"end":{"line":70,"column":26}},"11":{"start":{"line":72,"column":6},"end":{"line":72,"column":18}},"12":{"start":{"line":81,"column":4},"end":{"line":124,"column":null}},"13":{"start":{"line":82,"column":27},"end":{"line":119,"column":8}},"14":{"start":{"line":82,"column":71},"end":{"line":119,"column":8}},"15":{"start":{"line":83,"column":31},"end":{"line":116,"column":10}},"16":{"start":{"line":118,"column":8},"end":{"line":118,"column":28}},"17":{"start":{"line":121,"column":6},"end":{"line":121,"column":26}},"18":{"start":{"line":123,"column":6},"end":{"line":123,"column":18}},"19":{"start":{"line":131,"column":4},"end":{"line":165,"column":null}},"20":{"start":{"line":132,"column":20},"end":{"line":160,"column":8}},"21":{"start":{"line":132,"column":64},"end":{"line":160,"column":8}},"22":{"start":{"line":133,"column":24},"end":{"line":157,"column":10}},"23":{"start":{"line":159,"column":8},"end":{"line":159,"column":21}},"24":{"start":{"line":162,"column":6},"end":{"line":162,"column":19}},"25":{"start":{"line":164,"column":6},"end":{"line":164,"column":18}},"26":{"start":{"line":29,"column":13},"end":{"line":167,"column":null}}},"fnMap":{"0":{"name":"(anonymous_9)","decl":{"start":{"line":29,"column":7},"end":{"line":29,"column":13}},"loc":{"start":{"line":29,"column":7},"end":{"line":167,"column":1}}},"1":{"name":"(anonymous_10)","decl":{"start":{"line":35,"column":15},"end":{"line":35,"column":21}},"loc":{"start":{"line":37,"column":28},"end":{"line":74,"column":null}}},"2":{"name":"(anonymous_12)","decl":{"start":{"line":40,"column":58},"end":{"line":40,"column":65}},"loc":{"start":{"line":40,"column":71},"end":{"line":68,"column":8}}},"3":{"name":"(anonymous_13)","decl":{"start":{"line":40,"column":71},"end":{"line":40,"column":null}},"loc":{"start":{"line":40,"column":71},"end":{"line":68,"column":7}}},"4":{"name":"(anonymous_14)","decl":{"start":{"line":76,"column":15},"end":{"line":76,"column":21}},"loc":{"start":{"line":79,"column":47},"end":{"line":125,"column":null}}},"5":{"name":"(anonymous_16)","decl":{"start":{"line":82,"column":58},"end":{"line":82,"column":65}},"loc":{"start":{"line":82,"column":71},"end":{"line":119,"column":8}}},"6":{"name":"(anonymous_17)","decl":{"start":{"line":82,"column":71},"end":{"line":82,"column":null}},"loc":{"start":{"line":82,"column":71},"end":{"line":119,"column":7}}},"7":{"name":"(anonymous_18)","decl":{"start":{"line":127,"column":15},"end":{"line":127,"column":21}},"loc":{"start":{"line":129,"column":47},"end":{"line":166,"column":null}}},"8":{"name":"(anonymous_20)","decl":{"start":{"line":132,"column":51},"end":{"line":132,"column":58}},"loc":{"start":{"line":132,"column":64},"end":{"line":160,"column":8}}},"9":{"name":"(anonymous_21)","decl":{"start":{"line":132,"column":64},"end":{"line":132,"column":null}},"loc":{"start":{"line":132,"column":64},"end":{"line":160,"column":7}}}},"branchMap":{"0":{"loc":{"start":{"line":95,"column":30},"end":{"line":100,"column":27}},"type":"cond-expr","locations":[{"start":{"line":96,"column":18},"end":{"line":99,"column":null}},{"start":{"line":100,"column":18},"end":{"line":100,"column":27}}]},"1":{"loc":{"start":{"line":108,"column":30},"end":{"line":113,"column":27}},"type":"cond-expr","locations":[{"start":{"line":109,"column":18},"end":{"line":112,"column":null}},{"start":{"line":113,"column":18},"end":{"line":113,"column":27}}]}},"s":{"0":1,"1":1,"2":1,"3":1,"4":1,"5":0,"6":0,"7":0,"8":0,"9":0,"10":0,"11":0,"12":0,"13":0,"14":0,"15":0,"16":0,"17":0,"18":0,"19":0,"20":0,"21":0,"22":0,"23":0,"24":0,"25":0,"26":1},"f":{"0":1,"1":0,"2":0,"3":0,"4":0,"5":0,"6":0,"7":0,"8":0,"9":0},"b":{"0":[0,0],"1":[0,0]}}
,"C:\\Users\\Fadli\\Desktop\\lms\\src\\modules\\video\\router\\video.router.ts": {"path":"C:\\Users\\Fadli\\Desktop\\lms\\src\\modules\\video\\router\\video.router.ts","statementMap":{"0":{"start":{"line":1,"column":0},"end":{"line":1,"column":30}},"1":{"start":{"line":2,"column":0},"end":{"line":2,"column":51}},"2":{"start":{"line":4,"column":0},"end":{"line":4,"column":80}},"3":{"start":{"line":6,"column":0},"end":{"line":6,"column":81}},"4":{"start":{"line":7,"column":0},"end":{"line":7,"column":null}},"5":{"start":{"line":13,"column":17},"end":{"line":13,"column":33}},"6":{"start":{"line":15,"column":21},"end":{"line":16,"column":null}},"7":{"start":{"line":19,"column":4},"end":{"line":20,"column":null}},"8":{"start":{"line":23,"column":2},"end":{"line":31,"column":4}},"9":{"start":{"line":33,"column":2},"end":{"line":41,"column":4}},"10":{"start":{"line":43,"column":2},"end":{"line":48,"column":4}},"11":{"start":{"line":50,"column":2},"end":{"line":50,"column":16}},"12":{"start":{"line":12,"column":0},"end":{"line":12,"column":24}}},"fnMap":{"0":{"name":"CourseLessonVideoRouter","decl":{"start":{"line":12,"column":24},"end":{"line":12,"column":47}},"loc":{"start":{"line":12,"column":77},"end":{"line":51,"column":1}}}},"branchMap":{},"s":{"0":1,"1":1,"2":1,"3":1,"4":1,"5":1,"6":1,"7":1,"8":1,"9":1,"10":1,"11":1,"12":1},"f":{"0":1},"b":{}}
,"C:\\Users\\Fadli\\Desktop\\lms\\src\\modules\\video\\service\\video.service.ts": {"path":"C:\\Users\\Fadli\\Desktop\\lms\\src\\modules\\video\\service\\video.service.ts","statementMap":{"0":{"start":{"line":1,"column":0},"end":{"line":1,"column":47}},"1":{"start":{"line":3,"column":0},"end":{"line":3,"column":null}},"2":{"start":{"line":12,"column":0},"end":{"line":12,"column":64}},"3":{"start":{"line":32,"column":37},"end":{"line":75,"column":null}},"4":{"start":{"line":40,"column":4},"end":{"line":46,"column":null}},"5":{"start":{"line":41,"column":27},"end":{"line":41,"column":67}},"6":{"start":{"line":43,"column":6},"end":{"line":43,"column":39}},"7":{"start":{"line":45,"column":6},"end":{"line":45,"column":18}},"8":{"start":{"line":54,"column":4},"end":{"line":60,"column":null}},"9":{"start":{"line":55,"column":27},"end":{"line":55,"column":84}},"10":{"start":{"line":57,"column":6},"end":{"line":57,"column":39}},"11":{"start":{"line":59,"column":6},"end":{"line":59,"column":18}},"12":{"start":{"line":67,"column":4},"end":{"line":73,"column":null}},"13":{"start":{"line":68,"column":20},"end":{"line":68,"column":70}},"14":{"start":{"line":70,"column":6},"end":{"line":70,"column":32}},"15":{"start":{"line":72,"column":6},"end":{"line":72,"column":18}},"16":{"start":{"line":34,"column":2},"end":{"line":34,"column":null}},"17":{"start":{"line":32,"column":13},"end":{"line":75,"column":null}}},"fnMap":{"0":{"name":"(anonymous_10)","decl":{"start":{"line":36,"column":15},"end":{"line":36,"column":21}},"loc":{"start":{"line":38,"column":28},"end":{"line":47,"column":null}}},"1":{"name":"(anonymous_12)","decl":{"start":{"line":49,"column":15},"end":{"line":49,"column":21}},"loc":{"start":{"line":52,"column":47},"end":{"line":61,"column":null}}},"2":{"name":"(anonymous_14)","decl":{"start":{"line":63,"column":15},"end":{"line":63,"column":21}},"loc":{"start":{"line":65,"column":47},"end":{"line":74,"column":null}}}},"branchMap":{},"s":{"0":1,"1":1,"2":1,"3":1,"4":0,"5":0,"6":0,"7":0,"8":0,"9":0,"10":0,"11":0,"12":0,"13":0,"14":0,"15":0,"16":1,"17":1},"f":{"0":0,"1":0,"2":0},"b":{}}
,"C:\\Users\\Fadli\\Desktop\\lms\\src\\utils\\encrypt.ts": {"path":"C:\\Users\\Fadli\\Desktop\\lms\\src\\utils\\encrypt.ts","statementMap":{"0":{"start":{"line":1,"column":0},"end":{"line":1,"column":33}},"1":{"start":{"line":3,"column":22},"end":{"line":5,"column":1}},"2":{"start":{"line":4,"column":2},"end":{"line":4,"column":40}},"3":{"start":{"line":7,"column":0},"end":{"line":7,"column":29}}},"fnMap":{"0":{"name":"(anonymous_1)","decl":{"start":{"line":3,"column":22},"end":{"line":3,"column":23}},"loc":{"start":{"line":3,"column":39},"end":{"line":5,"column":1}}}},"branchMap":{},"s":{"0":1,"1":1,"2":35,"3":1},"f":{"0":35},"b":{}}
,"C:\\Users\\Fadli\\Desktop\\lms\\test-utils\\User.ts": {"path":"C:\\Users\\Fadli\\Desktop\\lms\\test-utils\\User.ts","statementMap":{"0":{"start":{"line":1,"column":0},"end":{"line":1,"column":null}},"1":{"start":{"line":27,"column":4},"end":{"line":128,"column":6}},"2":{"start":{"line":27,"column":43},"end":{"line":128,"column":6}},"3":{"start":{"line":28,"column":6},"end":{"line":62,"column":null}},"4":{"start":{"line":30,"column":10},"end":{"line":40,"column":12}},"5":{"start":{"line":29,"column":20},"end":{"line":29,"column":25}},"6":{"start":{"line":29,"column":35},"end":{"line":29,"column":null}},"7":{"start":{"line":43,"column":10},"end":{"line":57,"column":12}},"8":{"start":{"line":42,"column":23},"end":{"line":42,"column":28}},"9":{"start":{"line":42,"column":34},"end":{"line":42,"column":null}},"10":{"start":{"line":58,"column":38},"end":{"line":58,"column":48}},"11":{"start":{"line":58,"column":22},"end":{"line":58,"column":27}},"12":{"start":{"line":58,"column":33},"end":{"line":58,"column":38}},"13":{"start":{"line":59,"column":22},"end":{"line":59,"column":31}},"14":{"start":{"line":61,"column":8},"end":{"line":61,"column":47}},"15":{"start":{"line":64,"column":19},"end":{"line":68,"column":8}},"16":{"start":{"line":71,"column":8},"end":{"line":82,"column":10}},"17":{"start":{"line":85,"column":8},"end":{"line":99,"column":10}},"18":{"start":{"line":84,"column":21},"end":{"line":84,"column":26}},"19":{"start":{"line":84,"column":32},"end":{"line":84,"column":null}},"20":{"start":{"line":100,"column":36},"end":{"line":100,"column":46}},"21":{"start":{"line":100,"column":20},"end":{"line":100,"column":25}},"22":{"start":{"line":100,"column":31},"end":{"line":100,"column":36}},"23":{"start":{"line":101,"column":20},"end":{"line":101,"column":29}},"24":{"start":{"line":103,"column":6},"end":{"line":125,"column":null}},"25":{"start":{"line":104,"column":27},"end":{"line":112,"column":null}},"26":{"start":{"line":115,"column":8},"end":{"line":124,"column":null}},"27":{"start":{"line":116,"column":10},"end":{"line":123,"column":13}},"28":{"start":{"line":127,"column":6},"end":{"line":127,"column":45}},"29":{"start":{"line":132,"column":4},"end":{"line":158,"column":6}},"30":{"start":{"line":132,"column":43},"end":{"line":158,"column":6}},"31":{"start":{"line":133,"column":19},"end":{"line":137,"column":8}},"32":{"start":{"line":139,"column":8},"end":{"line":153,"column":10}},"33":{"start":{"line":138,"column":21},"end":{"line":138,"column":26}},"34":{"start":{"line":138,"column":32},"end":{"line":138,"column":null}},"35":{"start":{"line":154,"column":36},"end":{"line":154,"column":46}},"36":{"start":{"line":154,"column":20},"end":{"line":154,"column":25}},"37":{"start":{"line":154,"column":31},"end":{"line":154,"column":36}},"38":{"start":{"line":155,"column":20},"end":{"line":155,"column":29}},"39":{"start":{"line":157,"column":6},"end":{"line":157,"column":45}},"40":{"start":{"line":21,"column":25},"end":{"line":21,"column":53}},"41":{"start":{"line":20,"column":21},"end":{"line":20,"column":null}}},"fnMap":{"0":{"name":"(anonymous_8)","decl":{"start":{"line":23,"column":9},"end":{"line":23,"column":15}},"loc":{"start":{"line":25,"column":43},"end":{"line":129,"column":3}}},"1":{"name":"(anonymous_9)","decl":{"start":{"line":27,"column":11},"end":{"line":27,"column":41}},"loc":{"start":{"line":27,"column":43},"end":{"line":128,"column":6}}},"2":{"name":"(anonymous_10)","decl":{"start":{"line":27,"column":43},"end":{"line":27,"column":null}},"loc":{"start":{"line":27,"column":43},"end":{"line":128,"column":5}}},"3":{"name":"(anonymous_11)","decl":{"start":{"line":131,"column":9},"end":{"line":131,"column":15}},"loc":{"start":{"line":131,"column":69},"end":{"line":159,"column":3}}},"4":{"name":"(anonymous_12)","decl":{"start":{"line":132,"column":11},"end":{"line":132,"column":41}},"loc":{"start":{"line":132,"column":43},"end":{"line":158,"column":6}}},"5":{"name":"(anonymous_13)","decl":{"start":{"line":132,"column":43},"end":{"line":132,"column":null}},"loc":{"start":{"line":132,"column":43},"end":{"line":158,"column":5}}}},"branchMap":{"0":{"loc":{"start":{"line":28,"column":6},"end":{"line":62,"column":null}},"type":"if","locations":[{"start":{"line":28,"column":6},"end":{"line":62,"column":null}}]},"1":{"loc":{"start":{"line":103,"column":6},"end":{"line":125,"column":null}},"type":"if","locations":[{"start":{"line":103,"column":6},"end":{"line":125,"column":null}}]},"2":{"loc":{"start":{"line":115,"column":8},"end":{"line":124,"column":null}},"type":"if","locations":[{"start":{"line":115,"column":8},"end":{"line":124,"column":null}}]}},"s":{"0":1,"1":8,"2":8,"3":8,"4":5,"5":5,"6":5,"7":5,"8":5,"9":5,"10":5,"11":5,"12":5,"13":5,"14":5,"15":3,"16":3,"17":3,"18":3,"19":3,"20":3,"21":3,"22":3,"23":3,"24":3,"25":3,"26":3,"27":3,"28":3,"29":2,"30":2,"31":2,"32":2,"33":2,"34":2,"35":2,"36":2,"37":1,"38":1,"39":1,"40":1,"41":1},"f":{"0":8,"1":8,"2":8,"3":2,"4":2,"5":2},"b":{"0":[5],"1":[3],"2":[3]}}
}
